{"/Users/yuda/Documents/GitHub/antelope/lib/antelope.js":{"path":"/Users/yuda/Documents/GitHub/antelope/lib/antelope.js","statementMap":{"0":{"start":{"line":38,"column":11},"end":{"line":38,"column":29}},"1":{"start":{"line":39,"column":14},"end":{"line":39,"column":32}},"2":{"start":{"line":40,"column":9},"end":{"line":40,"column":25}},"3":{"start":{"line":41,"column":15},"end":{"line":41,"column":34}},"4":{"start":{"line":42,"column":12},"end":{"line":42,"column":28}},"5":{"start":{"line":43,"column":11},"end":{"line":43,"column":26}},"6":{"start":{"line":46,"column":16},"end":{"line":46,"column":24}},"7":{"start":{"line":47,"column":4},"end":{"line":49,"column":5}},"8":{"start":{"line":48,"column":8},"end":{"line":48,"column":21}},"9":{"start":{"line":50,"column":4},"end":{"line":54,"column":5}},"10":{"start":{"line":50,"column":17},"end":{"line":50,"column":18}},"11":{"start":{"line":51,"column":8},"end":{"line":53,"column":9}},"12":{"start":{"line":52,"column":12},"end":{"line":52,"column":25}},"13":{"start":{"line":55,"column":4},"end":{"line":55,"column":16}},"14":{"start":{"line":58,"column":16},"end":{"line":58,"column":24}},"15":{"start":{"line":59,"column":4},"end":{"line":61,"column":5}},"16":{"start":{"line":60,"column":8},"end":{"line":60,"column":21}},"17":{"start":{"line":62,"column":4},"end":{"line":66,"column":5}},"18":{"start":{"line":62,"column":17},"end":{"line":62,"column":18}},"19":{"start":{"line":63,"column":8},"end":{"line":65,"column":9}},"20":{"start":{"line":64,"column":12},"end":{"line":64,"column":25}},"21":{"start":{"line":67,"column":4},"end":{"line":67,"column":16}},"22":{"start":{"line":69,"column":18},"end":{"line":69,"column":20}},"23":{"start":{"line":71,"column":4},"end":{"line":71,"column":36}},"24":{"start":{"line":72,"column":4},"end":{"line":72,"column":23}},"25":{"start":{"line":73,"column":4},"end":{"line":77,"column":5}},"26":{"start":{"line":73,"column":17},"end":{"line":73,"column":18}},"27":{"start":{"line":74,"column":18},"end":{"line":74,"column":49}},"28":{"start":{"line":75,"column":8},"end":{"line":75,"column":29}},"29":{"start":{"line":76,"column":8},"end":{"line":76,"column":29}},"30":{"start":{"line":80,"column":4},"end":{"line":82,"column":5}},"31":{"start":{"line":81,"column":8},"end":{"line":81,"column":25}},"32":{"start":{"line":83,"column":16},"end":{"line":83,"column":28}},"33":{"start":{"line":84,"column":15},"end":{"line":84,"column":29}},"34":{"start":{"line":85,"column":4},"end":{"line":87,"column":5}},"35":{"start":{"line":85,"column":17},"end":{"line":85,"column":18}},"36":{"start":{"line":86,"column":8},"end":{"line":86,"column":40}},"37":{"start":{"line":88,"column":4},"end":{"line":88,"column":23}},"38":{"start":{"line":91,"column":4},"end":{"line":93,"column":5}},"39":{"start":{"line":92,"column":8},"end":{"line":92,"column":25}},"40":{"start":{"line":94,"column":4},"end":{"line":96,"column":5}},"41":{"start":{"line":95,"column":8},"end":{"line":95,"column":65}},"42":{"start":{"line":97,"column":4},"end":{"line":99,"column":5}},"43":{"start":{"line":98,"column":8},"end":{"line":98,"column":52}},"44":{"start":{"line":100,"column":4},"end":{"line":100,"column":28}},"45":{"start":{"line":101,"column":16},"end":{"line":101,"column":30}},"46":{"start":{"line":102,"column":19},"end":{"line":102,"column":38}},"47":{"start":{"line":103,"column":4},"end":{"line":109,"column":5}},"48":{"start":{"line":103,"column":17},"end":{"line":103,"column":18}},"49":{"start":{"line":104,"column":18},"end":{"line":104,"column":60}},"50":{"start":{"line":105,"column":8},"end":{"line":107,"column":9}},"51":{"start":{"line":106,"column":12},"end":{"line":106,"column":51}},"52":{"start":{"line":108,"column":8},"end":{"line":108,"column":22}},"53":{"start":{"line":110,"column":4},"end":{"line":110,"column":18}},"54":{"start":{"line":114,"column":4},"end":{"line":114,"column":24}},"55":{"start":{"line":117,"column":14},"end":{"line":117,"column":19}},"56":{"start":{"line":120,"column":4},"end":{"line":122,"column":5}},"57":{"start":{"line":121,"column":8},"end":{"line":121,"column":20}},"58":{"start":{"line":123,"column":4},"end":{"line":125,"column":5}},"59":{"start":{"line":124,"column":8},"end":{"line":124,"column":21}},"60":{"start":{"line":128,"column":22},"end":{"line":128,"column":70}},"61":{"start":{"line":129,"column":4},"end":{"line":131,"column":5}},"62":{"start":{"line":130,"column":8},"end":{"line":130,"column":21}},"63":{"start":{"line":132,"column":24},"end":{"line":132,"column":42}},"64":{"start":{"line":133,"column":26},"end":{"line":133,"column":31}},"65":{"start":{"line":134,"column":4},"end":{"line":141,"column":5}},"66":{"start":{"line":135,"column":34},"end":{"line":135,"column":90}},"67":{"start":{"line":136,"column":8},"end":{"line":138,"column":9}},"68":{"start":{"line":137,"column":12},"end":{"line":137,"column":18}},"69":{"start":{"line":139,"column":8},"end":{"line":139,"column":57}},"70":{"start":{"line":140,"column":8},"end":{"line":140,"column":61}},"71":{"start":{"line":142,"column":4},"end":{"line":146,"column":5}},"72":{"start":{"line":144,"column":8},"end":{"line":144,"column":162}},"73":{"start":{"line":145,"column":8},"end":{"line":145,"column":23}},"74":{"start":{"line":147,"column":4},"end":{"line":147,"column":27}},"75":{"start":{"line":155,"column":8},"end":{"line":157,"column":9}},"76":{"start":{"line":156,"column":12},"end":{"line":156,"column":25}},"77":{"start":{"line":158,"column":8},"end":{"line":160,"column":9}},"78":{"start":{"line":159,"column":12},"end":{"line":159,"column":42}},"79":{"start":{"line":161,"column":8},"end":{"line":161,"column":40}},"80":{"start":{"line":165,"column":8},"end":{"line":167,"column":9}},"81":{"start":{"line":166,"column":12},"end":{"line":166,"column":74}},"82":{"start":{"line":169,"column":8},"end":{"line":179,"column":9}},"83":{"start":{"line":171,"column":16},"end":{"line":171,"column":30}},"84":{"start":{"line":172,"column":16},"end":{"line":172,"column":22}},"85":{"start":{"line":174,"column":16},"end":{"line":174,"column":29}},"86":{"start":{"line":175,"column":16},"end":{"line":175,"column":22}},"87":{"start":{"line":177,"column":16},"end":{"line":177,"column":61}},"88":{"start":{"line":178,"column":16},"end":{"line":178,"column":22}},"89":{"start":{"line":180,"column":23},"end":{"line":180,"column":34}},"90":{"start":{"line":181,"column":22},"end":{"line":181,"column":51}},"91":{"start":{"line":182,"column":8},"end":{"line":184,"column":9}},"92":{"start":{"line":182,"column":21},"end":{"line":182,"column":22}},"93":{"start":{"line":183,"column":12},"end":{"line":183,"column":44}},"94":{"start":{"line":185,"column":8},"end":{"line":185,"column":31}},"95":{"start":{"line":188,"column":8},"end":{"line":188,"column":27}},"96":{"start":{"line":191,"column":21},"end":{"line":191,"column":37}},"97":{"start":{"line":192,"column":8},"end":{"line":197,"column":9}},"98":{"start":{"line":193,"column":12},"end":{"line":193,"column":67}},"99":{"start":{"line":196,"column":12},"end":{"line":196,"column":25}},"100":{"start":{"line":201,"column":8},"end":{"line":203,"column":9}},"101":{"start":{"line":202,"column":12},"end":{"line":202,"column":62}},"102":{"start":{"line":204,"column":8},"end":{"line":204,"column":37}},"103":{"start":{"line":208,"column":8},"end":{"line":208,"column":52}},"104":{"start":{"line":211,"column":8},"end":{"line":211,"column":39}},"105":{"start":{"line":214,"column":8},"end":{"line":214,"column":33}},"106":{"start":{"line":217,"column":8},"end":{"line":217,"column":31}},"107":{"start":{"line":220,"column":0},"end":{"line":220,"column":22}},"108":{"start":{"line":228,"column":8},"end":{"line":230,"column":9}},"109":{"start":{"line":229,"column":12},"end":{"line":229,"column":25}},"110":{"start":{"line":231,"column":8},"end":{"line":233,"column":9}},"111":{"start":{"line":232,"column":12},"end":{"line":232,"column":52}},"112":{"start":{"line":234,"column":8},"end":{"line":236,"column":9}},"113":{"start":{"line":235,"column":12},"end":{"line":235,"column":94}},"114":{"start":{"line":237,"column":8},"end":{"line":239,"column":9}},"115":{"start":{"line":238,"column":12},"end":{"line":238,"column":44}},"116":{"start":{"line":240,"column":8},"end":{"line":240,"column":47}},"117":{"start":{"line":243,"column":8},"end":{"line":253,"column":9}},"118":{"start":{"line":244,"column":26},"end":{"line":244,"column":43}},"119":{"start":{"line":245,"column":12},"end":{"line":245,"column":35}},"120":{"start":{"line":247,"column":13},"end":{"line":253,"column":9}},"121":{"start":{"line":248,"column":28},"end":{"line":248,"column":45}},"122":{"start":{"line":249,"column":12},"end":{"line":249,"column":51}},"123":{"start":{"line":252,"column":12},"end":{"line":252,"column":61}},"124":{"start":{"line":256,"column":20},"end":{"line":256,"column":43}},"125":{"start":{"line":257,"column":8},"end":{"line":257,"column":48}},"126":{"start":{"line":260,"column":8},"end":{"line":260,"column":27}},"127":{"start":{"line":263,"column":8},"end":{"line":263,"column":49}},"128":{"start":{"line":266,"column":8},"end":{"line":266,"column":46}},"129":{"start":{"line":270,"column":8},"end":{"line":272,"column":9}},"130":{"start":{"line":271,"column":12},"end":{"line":271,"column":24}},"131":{"start":{"line":273,"column":8},"end":{"line":275,"column":9}},"132":{"start":{"line":273,"column":55},"end":{"line":273,"column":76}},"133":{"start":{"line":274,"column":12},"end":{"line":274,"column":24}},"134":{"start":{"line":276,"column":8},"end":{"line":278,"column":9}},"135":{"start":{"line":277,"column":12},"end":{"line":277,"column":24}},"136":{"start":{"line":279,"column":8},"end":{"line":279,"column":21}},"137":{"start":{"line":282,"column":8},"end":{"line":282,"column":27}},"138":{"start":{"line":286,"column":8},"end":{"line":286,"column":37}},"139":{"start":{"line":290,"column":8},"end":{"line":290,"column":38}},"140":{"start":{"line":294,"column":8},"end":{"line":294,"column":52}},"141":{"start":{"line":298,"column":8},"end":{"line":298,"column":34}},"142":{"start":{"line":299,"column":24},"end":{"line":299,"column":70}},"143":{"start":{"line":300,"column":23},"end":{"line":300,"column":47}},"144":{"start":{"line":301,"column":22},"end":{"line":301,"column":44}},"145":{"start":{"line":302,"column":8},"end":{"line":302,"column":30}},"146":{"start":{"line":303,"column":8},"end":{"line":303,"column":54}},"147":{"start":{"line":304,"column":8},"end":{"line":304,"column":27}},"148":{"start":{"line":308,"column":19},"end":{"line":308,"column":40}},"149":{"start":{"line":309,"column":8},"end":{"line":309,"column":25}},"150":{"start":{"line":310,"column":8},"end":{"line":310,"column":18}},"151":{"start":{"line":314,"column":24},"end":{"line":314,"column":73}},"152":{"start":{"line":315,"column":23},"end":{"line":315,"column":47}},"153":{"start":{"line":316,"column":22},"end":{"line":316,"column":44}},"154":{"start":{"line":317,"column":8},"end":{"line":317,"column":22}},"155":{"start":{"line":318,"column":8},"end":{"line":323,"column":9}},"156":{"start":{"line":319,"column":12},"end":{"line":319,"column":55}},"157":{"start":{"line":322,"column":12},"end":{"line":322,"column":67}},"158":{"start":{"line":324,"column":8},"end":{"line":324,"column":27}},"159":{"start":{"line":328,"column":19},"end":{"line":328,"column":40}},"160":{"start":{"line":329,"column":8},"end":{"line":329,"column":32}},"161":{"start":{"line":330,"column":8},"end":{"line":330,"column":18}},"162":{"start":{"line":334,"column":8},"end":{"line":334,"column":44}},"163":{"start":{"line":338,"column":8},"end":{"line":338,"column":49}},"164":{"start":{"line":341,"column":23},"end":{"line":341,"column":61}},"165":{"start":{"line":342,"column":22},"end":{"line":342,"column":44}},"166":{"start":{"line":343,"column":8},"end":{"line":343,"column":30}},"167":{"start":{"line":344,"column":8},"end":{"line":344,"column":32}},"168":{"start":{"line":347,"column":8},"end":{"line":347,"column":64}},"169":{"start":{"line":350,"column":8},"end":{"line":358,"column":9}},"170":{"start":{"line":351,"column":12},"end":{"line":351,"column":34}},"171":{"start":{"line":353,"column":13},"end":{"line":358,"column":9}},"172":{"start":{"line":354,"column":12},"end":{"line":354,"column":35}},"173":{"start":{"line":357,"column":12},"end":{"line":357,"column":61}},"174":{"start":{"line":361,"column":8},"end":{"line":361,"column":54}},"175":{"start":{"line":362,"column":8},"end":{"line":362,"column":39}},"176":{"start":{"line":365,"column":8},"end":{"line":365,"column":30}},"177":{"start":{"line":368,"column":0},"end":{"line":368,"column":24}},"178":{"start":{"line":372,"column":8},"end":{"line":374,"column":9}},"179":{"start":{"line":373,"column":12},"end":{"line":373,"column":25}},"180":{"start":{"line":375,"column":8},"end":{"line":377,"column":9}},"181":{"start":{"line":376,"column":12},"end":{"line":376,"column":41}},"182":{"start":{"line":378,"column":8},"end":{"line":378,"column":49}},"183":{"start":{"line":381,"column":8},"end":{"line":381,"column":58}},"184":{"start":{"line":384,"column":8},"end":{"line":384,"column":55}},"185":{"start":{"line":387,"column":25},"end":{"line":387,"column":50}},"186":{"start":{"line":388,"column":8},"end":{"line":390,"column":9}},"187":{"start":{"line":389,"column":12},"end":{"line":389,"column":106}},"188":{"start":{"line":391,"column":8},"end":{"line":391,"column":27}},"189":{"start":{"line":394,"column":21},"end":{"line":394,"column":37}},"190":{"start":{"line":395,"column":8},"end":{"line":400,"column":9}},"191":{"start":{"line":396,"column":12},"end":{"line":396,"column":67}},"192":{"start":{"line":399,"column":12},"end":{"line":399,"column":25}},"193":{"start":{"line":403,"column":8},"end":{"line":403,"column":38}},"194":{"start":{"line":406,"column":8},"end":{"line":406,"column":39}},"195":{"start":{"line":409,"column":8},"end":{"line":409,"column":30}},"196":{"start":{"line":412,"column":8},"end":{"line":412,"column":31}},"197":{"start":{"line":415,"column":0},"end":{"line":415,"column":32}},"198":{"start":{"line":418,"column":8},"end":{"line":418,"column":33}},"199":{"start":{"line":421,"column":23},"end":{"line":421,"column":95}},"200":{"start":{"line":422,"column":8},"end":{"line":422,"column":39}},"201":{"start":{"line":425,"column":0},"end":{"line":425,"column":36}},"202":{"start":{"line":426,"column":0},"end":{"line":426,"column":26}},"203":{"start":{"line":429,"column":8},"end":{"line":429,"column":33}},"204":{"start":{"line":432,"column":23},"end":{"line":432,"column":95}},"205":{"start":{"line":433,"column":8},"end":{"line":433,"column":39}},"206":{"start":{"line":436,"column":0},"end":{"line":436,"column":36}},"207":{"start":{"line":437,"column":0},"end":{"line":437,"column":26}},"208":{"start":{"line":440,"column":8},"end":{"line":440,"column":33}},"209":{"start":{"line":443,"column":23},"end":{"line":443,"column":98}},"210":{"start":{"line":444,"column":8},"end":{"line":444,"column":39}},"211":{"start":{"line":447,"column":0},"end":{"line":447,"column":36}},"212":{"start":{"line":448,"column":0},"end":{"line":448,"column":26}},"213":{"start":{"line":451,"column":0},"end":{"line":451,"column":25}},"214":{"start":{"line":452,"column":0},"end":{"line":456,"column":46}},"215":{"start":{"line":453,"column":4},"end":{"line":453,"column":25}},"216":{"start":{"line":454,"column":4},"end":{"line":454,"column":25}},"217":{"start":{"line":455,"column":4},"end":{"line":455,"column":25}},"218":{"start":{"line":457,"column":0},"end":{"line":491,"column":46}},"219":{"start":{"line":459,"column":8},"end":{"line":468,"column":9}},"220":{"start":{"line":461,"column":16},"end":{"line":461,"column":25}},"221":{"start":{"line":463,"column":16},"end":{"line":463,"column":25}},"222":{"start":{"line":465,"column":16},"end":{"line":465,"column":25}},"223":{"start":{"line":467,"column":16},"end":{"line":467,"column":64}},"224":{"start":{"line":470,"column":4},"end":{"line":470,"column":32}},"225":{"start":{"line":473,"column":8},"end":{"line":478,"column":9}},"226":{"start":{"line":474,"column":12},"end":{"line":474,"column":44}},"227":{"start":{"line":477,"column":12},"end":{"line":477,"column":26}},"228":{"start":{"line":479,"column":8},"end":{"line":488,"column":9}},"229":{"start":{"line":481,"column":16},"end":{"line":481,"column":34}},"230":{"start":{"line":483,"column":16},"end":{"line":483,"column":34}},"231":{"start":{"line":485,"column":16},"end":{"line":485,"column":34}},"232":{"start":{"line":487,"column":16},"end":{"line":487,"column":54}},"233":{"start":{"line":490,"column":4},"end":{"line":490,"column":24}},"234":{"start":{"line":503,"column":8},"end":{"line":503,"column":92}},"235":{"start":{"line":507,"column":8},"end":{"line":507,"column":68}},"236":{"start":{"line":511,"column":8},"end":{"line":511,"column":28}},"237":{"start":{"line":515,"column":8},"end":{"line":515,"column":68}},"238":{"start":{"line":515,"column":58},"end":{"line":515,"column":66}},"239":{"start":{"line":519,"column":8},"end":{"line":519,"column":68}},"240":{"start":{"line":519,"column":58},"end":{"line":519,"column":66}},"241":{"start":{"line":523,"column":8},"end":{"line":523,"column":68}},"242":{"start":{"line":523,"column":58},"end":{"line":523,"column":66}},"243":{"start":{"line":530,"column":8},"end":{"line":535,"column":11}},"244":{"start":{"line":531,"column":12},"end":{"line":533,"column":13}},"245":{"start":{"line":532,"column":16},"end":{"line":532,"column":52}},"246":{"start":{"line":534,"column":12},"end":{"line":534,"column":28}},"247":{"start":{"line":542,"column":8},"end":{"line":547,"column":11}},"248":{"start":{"line":543,"column":12},"end":{"line":545,"column":13}},"249":{"start":{"line":544,"column":16},"end":{"line":544,"column":52}},"250":{"start":{"line":546,"column":12},"end":{"line":546,"column":33}},"251":{"start":{"line":554,"column":8},"end":{"line":562,"column":11}},"252":{"start":{"line":555,"column":12},"end":{"line":557,"column":13}},"253":{"start":{"line":556,"column":16},"end":{"line":556,"column":52}},"254":{"start":{"line":558,"column":23},"end":{"line":558,"column":34}},"255":{"start":{"line":559,"column":12},"end":{"line":560,"column":30}},"256":{"start":{"line":560,"column":16},"end":{"line":560,"column":30}},"257":{"start":{"line":561,"column":12},"end":{"line":561,"column":77}},"258":{"start":{"line":566,"column":8},"end":{"line":566,"column":39}},"259":{"start":{"line":570,"column":8},"end":{"line":570,"column":39}},"260":{"start":{"line":574,"column":8},"end":{"line":574,"column":40}},"261":{"start":{"line":578,"column":8},"end":{"line":578,"column":40}},"262":{"start":{"line":585,"column":25},"end":{"line":585,"column":42}},"263":{"start":{"line":586,"column":21},"end":{"line":586,"column":34}},"264":{"start":{"line":587,"column":23},"end":{"line":587,"column":43}},"265":{"start":{"line":588,"column":8},"end":{"line":588,"column":43}},"266":{"start":{"line":591,"column":8},"end":{"line":593,"column":9}},"267":{"start":{"line":592,"column":12},"end":{"line":592,"column":25}},"268":{"start":{"line":594,"column":23},"end":{"line":594,"column":27}},"269":{"start":{"line":596,"column":8},"end":{"line":615,"column":9}},"270":{"start":{"line":597,"column":12},"end":{"line":597,"column":41}},"271":{"start":{"line":598,"column":12},"end":{"line":598,"column":37}},"272":{"start":{"line":600,"column":13},"end":{"line":615,"column":9}},"273":{"start":{"line":601,"column":12},"end":{"line":601,"column":48}},"274":{"start":{"line":602,"column":12},"end":{"line":604,"column":13}},"275":{"start":{"line":603,"column":16},"end":{"line":603,"column":57}},"276":{"start":{"line":607,"column":12},"end":{"line":610,"column":13}},"277":{"start":{"line":609,"column":16},"end":{"line":609,"column":50}},"278":{"start":{"line":611,"column":12},"end":{"line":611,"column":68}},"279":{"start":{"line":612,"column":12},"end":{"line":614,"column":13}},"280":{"start":{"line":613,"column":16},"end":{"line":613,"column":77}},"281":{"start":{"line":616,"column":8},"end":{"line":623,"column":9}},"282":{"start":{"line":618,"column":16},"end":{"line":618,"column":51}},"283":{"start":{"line":619,"column":16},"end":{"line":619,"column":22}},"284":{"start":{"line":621,"column":16},"end":{"line":621,"column":50}},"285":{"start":{"line":622,"column":16},"end":{"line":622,"column":22}},"286":{"start":{"line":624,"column":8},"end":{"line":624,"column":28}},"287":{"start":{"line":627,"column":8},"end":{"line":627,"column":60}},"288":{"start":{"line":630,"column":8},"end":{"line":630,"column":28}},"289":{"start":{"line":633,"column":8},"end":{"line":633,"column":55}},"290":{"start":{"line":640,"column":21},"end":{"line":640,"column":37}},"291":{"start":{"line":641,"column":8},"end":{"line":643,"column":9}},"292":{"start":{"line":642,"column":12},"end":{"line":642,"column":69}},"293":{"start":{"line":644,"column":8},"end":{"line":646,"column":9}},"294":{"start":{"line":645,"column":12},"end":{"line":645,"column":73}},"295":{"start":{"line":647,"column":8},"end":{"line":649,"column":9}},"296":{"start":{"line":648,"column":12},"end":{"line":648,"column":74}},"297":{"start":{"line":650,"column":8},"end":{"line":650,"column":27}},"298":{"start":{"line":653,"column":8},"end":{"line":655,"column":9}},"299":{"start":{"line":654,"column":12},"end":{"line":654,"column":24}},"300":{"start":{"line":656,"column":8},"end":{"line":656,"column":41}},"301":{"start":{"line":660,"column":21},"end":{"line":660,"column":37}},"302":{"start":{"line":661,"column":22},"end":{"line":661,"column":88}},"303":{"start":{"line":662,"column":8},"end":{"line":662,"column":67}},"304":{"start":{"line":669,"column":21},"end":{"line":669,"column":37}},"305":{"start":{"line":670,"column":8},"end":{"line":675,"column":9}},"306":{"start":{"line":671,"column":30},"end":{"line":671,"column":47}},"307":{"start":{"line":672,"column":12},"end":{"line":674,"column":13}},"308":{"start":{"line":673,"column":16},"end":{"line":673,"column":29}},"309":{"start":{"line":676,"column":8},"end":{"line":681,"column":9}},"310":{"start":{"line":677,"column":12},"end":{"line":677,"column":57}},"311":{"start":{"line":680,"column":12},"end":{"line":680,"column":25}},"312":{"start":{"line":685,"column":8},"end":{"line":685,"column":55}},"313":{"start":{"line":689,"column":8},"end":{"line":689,"column":43}},"314":{"start":{"line":693,"column":8},"end":{"line":693,"column":55}},"315":{"start":{"line":697,"column":8},"end":{"line":697,"column":43}},"316":{"start":{"line":701,"column":8},"end":{"line":701,"column":54}},"317":{"start":{"line":705,"column":8},"end":{"line":705,"column":42}},"318":{"start":{"line":713,"column":8},"end":{"line":713,"column":55}},"319":{"start":{"line":721,"column":17},"end":{"line":721,"column":24}},"320":{"start":{"line":722,"column":8},"end":{"line":729,"column":9}},"321":{"start":{"line":724,"column":16},"end":{"line":724,"column":33}},"322":{"start":{"line":725,"column":16},"end":{"line":725,"column":22}},"323":{"start":{"line":727,"column":16},"end":{"line":727,"column":34}},"324":{"start":{"line":728,"column":16},"end":{"line":728,"column":22}},"325":{"start":{"line":730,"column":8},"end":{"line":730,"column":37}},"326":{"start":{"line":734,"column":8},"end":{"line":734,"column":35}},"327":{"start":{"line":738,"column":8},"end":{"line":738,"column":35}},"328":{"start":{"line":742,"column":8},"end":{"line":742,"column":36}},"329":{"start":{"line":746,"column":8},"end":{"line":746,"column":36}},"330":{"start":{"line":754,"column":8},"end":{"line":759,"column":9}},"331":{"start":{"line":755,"column":12},"end":{"line":755,"column":24}},"332":{"start":{"line":758,"column":12},"end":{"line":758,"column":48}},"333":{"start":{"line":760,"column":8},"end":{"line":760,"column":52}},"334":{"start":{"line":767,"column":8},"end":{"line":767,"column":37}},"335":{"start":{"line":770,"column":8},"end":{"line":770,"column":37}},"336":{"start":{"line":773,"column":8},"end":{"line":778,"column":9}},"337":{"start":{"line":774,"column":12},"end":{"line":774,"column":35}},"338":{"start":{"line":777,"column":12},"end":{"line":777,"column":35}},"339":{"start":{"line":781,"column":8},"end":{"line":781,"column":43}},"340":{"start":{"line":785,"column":8},"end":{"line":790,"column":9}},"341":{"start":{"line":786,"column":12},"end":{"line":786,"column":41}},"342":{"start":{"line":789,"column":12},"end":{"line":789,"column":41}},"343":{"start":{"line":793,"column":0},"end":{"line":793,"column":22}},"344":{"start":{"line":796,"column":0},"end":{"line":796,"column":22}},"345":{"start":{"line":797,"column":0},"end":{"line":797,"column":19}},"346":{"start":{"line":798,"column":0},"end":{"line":798,"column":21}},"347":{"start":{"line":801,"column":0},"end":{"line":801,"column":24}},"348":{"start":{"line":802,"column":0},"end":{"line":802,"column":20}},"349":{"start":{"line":803,"column":0},"end":{"line":803,"column":22}},"350":{"start":{"line":806,"column":0},"end":{"line":806,"column":24}},"351":{"start":{"line":807,"column":0},"end":{"line":807,"column":20}},"352":{"start":{"line":808,"column":0},"end":{"line":808,"column":22}},"353":{"start":{"line":811,"column":0},"end":{"line":811,"column":24}},"354":{"start":{"line":812,"column":0},"end":{"line":812,"column":20}},"355":{"start":{"line":813,"column":0},"end":{"line":813,"column":22}},"356":{"start":{"line":816,"column":0},"end":{"line":816,"column":26}},"357":{"start":{"line":817,"column":0},"end":{"line":817,"column":22}},"358":{"start":{"line":818,"column":0},"end":{"line":818,"column":23}},"359":{"start":{"line":821,"column":0},"end":{"line":821,"column":24}},"360":{"start":{"line":822,"column":0},"end":{"line":822,"column":20}},"361":{"start":{"line":823,"column":0},"end":{"line":823,"column":23}},"362":{"start":{"line":826,"column":0},"end":{"line":826,"column":26}},"363":{"start":{"line":827,"column":0},"end":{"line":827,"column":21}},"364":{"start":{"line":828,"column":0},"end":{"line":828,"column":24}},"365":{"start":{"line":831,"column":0},"end":{"line":831,"column":26}},"366":{"start":{"line":832,"column":0},"end":{"line":832,"column":21}},"367":{"start":{"line":833,"column":0},"end":{"line":833,"column":24}},"368":{"start":{"line":836,"column":0},"end":{"line":836,"column":26}},"369":{"start":{"line":837,"column":0},"end":{"line":837,"column":21}},"370":{"start":{"line":838,"column":0},"end":{"line":838,"column":24}},"371":{"start":{"line":841,"column":0},"end":{"line":841,"column":28}},"372":{"start":{"line":842,"column":0},"end":{"line":842,"column":23}},"373":{"start":{"line":843,"column":0},"end":{"line":843,"column":25}},"374":{"start":{"line":846,"column":8},"end":{"line":846,"column":56}},"375":{"start":{"line":849,"column":8},"end":{"line":849,"column":44}},"376":{"start":{"line":852,"column":0},"end":{"line":852,"column":28}},"377":{"start":{"line":853,"column":0},"end":{"line":853,"column":22}},"378":{"start":{"line":854,"column":0},"end":{"line":854,"column":23}},"379":{"start":{"line":857,"column":8},"end":{"line":857,"column":57}},"380":{"start":{"line":860,"column":8},"end":{"line":860,"column":45}},"381":{"start":{"line":863,"column":0},"end":{"line":863,"column":30}},"382":{"start":{"line":864,"column":0},"end":{"line":864,"column":23}},"383":{"start":{"line":865,"column":0},"end":{"line":865,"column":25}},"384":{"start":{"line":868,"column":4},"end":{"line":868,"column":41}},"385":{"start":{"line":875,"column":17},"end":{"line":875,"column":40}},"386":{"start":{"line":876,"column":22},"end":{"line":876,"column":78}},"387":{"start":{"line":877,"column":22},"end":{"line":877,"column":61}},"388":{"start":{"line":878,"column":20},"end":{"line":878,"column":48}},"389":{"start":{"line":879,"column":4},"end":{"line":879,"column":23}},"390":{"start":{"line":880,"column":4},"end":{"line":880,"column":50}},"391":{"start":{"line":881,"column":20},"end":{"line":881,"column":52}},"392":{"start":{"line":882,"column":4},"end":{"line":882,"column":70}},"393":{"start":{"line":887,"column":4},"end":{"line":887,"column":19}},"394":{"start":{"line":888,"column":4},"end":{"line":888,"column":19}},"395":{"start":{"line":889,"column":18},"end":{"line":889,"column":31}},"396":{"start":{"line":890,"column":18},"end":{"line":890,"column":31}},"397":{"start":{"line":892,"column":4},"end":{"line":931,"column":5}},"398":{"start":{"line":896,"column":8},"end":{"line":930,"column":9}},"399":{"start":{"line":897,"column":12},"end":{"line":902,"column":13}},"400":{"start":{"line":898,"column":16},"end":{"line":898,"column":34}},"401":{"start":{"line":900,"column":17},"end":{"line":902,"column":13}},"402":{"start":{"line":901,"column":16},"end":{"line":901,"column":34}},"403":{"start":{"line":908,"column":12},"end":{"line":929,"column":13}},"404":{"start":{"line":909,"column":16},"end":{"line":909,"column":34}},"405":{"start":{"line":911,"column":17},"end":{"line":929,"column":13}},"406":{"start":{"line":912,"column":16},"end":{"line":912,"column":34}},"407":{"start":{"line":918,"column":16},"end":{"line":928,"column":22}},"408":{"start":{"line":921,"column":20},"end":{"line":921,"column":38}},"409":{"start":{"line":923,"column":21},"end":{"line":928,"column":22}},"410":{"start":{"line":926,"column":20},"end":{"line":926,"column":38}},"411":{"start":{"line":932,"column":4},"end":{"line":932,"column":20}},"412":{"start":{"line":940,"column":13},"end":{"line":940,"column":14}},"413":{"start":{"line":941,"column":17},"end":{"line":941,"column":30}},"414":{"start":{"line":942,"column":4},"end":{"line":944,"column":5}},"415":{"start":{"line":943,"column":8},"end":{"line":943,"column":27}},"416":{"start":{"line":945,"column":4},"end":{"line":945,"column":14}},"417":{"start":{"line":950,"column":20},"end":{"line":950,"column":22}},"418":{"start":{"line":951,"column":21},"end":{"line":951,"column":23}},"419":{"start":{"line":952,"column":20},"end":{"line":952,"column":22}},"420":{"start":{"line":953,"column":17},"end":{"line":953,"column":26}},"421":{"start":{"line":954,"column":27},"end":{"line":977,"column":5}},"422":{"start":{"line":956,"column":8},"end":{"line":961,"column":9}},"423":{"start":{"line":957,"column":12},"end":{"line":957,"column":39}},"424":{"start":{"line":960,"column":12},"end":{"line":960,"column":30}},"425":{"start":{"line":962,"column":8},"end":{"line":969,"column":9}},"426":{"start":{"line":963,"column":12},"end":{"line":968,"column":13}},"427":{"start":{"line":964,"column":16},"end":{"line":964,"column":42}},"428":{"start":{"line":967,"column":16},"end":{"line":967,"column":33}},"429":{"start":{"line":970,"column":8},"end":{"line":972,"column":9}},"430":{"start":{"line":971,"column":12},"end":{"line":971,"column":28}},"431":{"start":{"line":973,"column":8},"end":{"line":975,"column":9}},"432":{"start":{"line":974,"column":12},"end":{"line":974,"column":28}},"433":{"start":{"line":976,"column":8},"end":{"line":976,"column":24}},"434":{"start":{"line":978,"column":20},"end":{"line":1017,"column":5}},"435":{"start":{"line":979,"column":8},"end":{"line":984,"column":9}},"436":{"start":{"line":980,"column":12},"end":{"line":980,"column":63}},"437":{"start":{"line":982,"column":13},"end":{"line":984,"column":9}},"438":{"start":{"line":983,"column":12},"end":{"line":983,"column":91}},"439":{"start":{"line":985,"column":8},"end":{"line":987,"column":9}},"440":{"start":{"line":986,"column":12},"end":{"line":986,"column":29}},"441":{"start":{"line":988,"column":8},"end":{"line":988,"column":20}},"442":{"start":{"line":989,"column":8},"end":{"line":1015,"column":9}},"443":{"start":{"line":990,"column":12},"end":{"line":993,"column":15}},"444":{"start":{"line":995,"column":13},"end":{"line":1015,"column":9}},"445":{"start":{"line":996,"column":27},"end":{"line":1001,"column":14}},"446":{"start":{"line":997,"column":16},"end":{"line":1000,"column":18}},"447":{"start":{"line":1002,"column":27},"end":{"line":1006,"column":13}},"448":{"start":{"line":1007,"column":12},"end":{"line":1007,"column":33}},"449":{"start":{"line":1009,"column":13},"end":{"line":1015,"column":9}},"450":{"start":{"line":1010,"column":28},"end":{"line":1013,"column":13}},"451":{"start":{"line":1014,"column":12},"end":{"line":1014,"column":35}},"452":{"start":{"line":1016,"column":8},"end":{"line":1016,"column":25}},"453":{"start":{"line":1018,"column":17},"end":{"line":1018,"column":30}},"454":{"start":{"line":1019,"column":4},"end":{"line":1019,"column":99}},"455":{"start":{"line":1022,"column":19},"end":{"line":1022,"column":80}},"456":{"start":{"line":1023,"column":4},"end":{"line":1030,"column":5}},"457":{"start":{"line":1024,"column":8},"end":{"line":1029,"column":9}},"458":{"start":{"line":1025,"column":12},"end":{"line":1025,"column":41}},"459":{"start":{"line":1028,"column":12},"end":{"line":1028,"column":29}},"460":{"start":{"line":1031,"column":4},"end":{"line":1033,"column":5}},"461":{"start":{"line":1032,"column":8},"end":{"line":1032,"column":24}},"462":{"start":{"line":1034,"column":4},"end":{"line":1036,"column":5}},"463":{"start":{"line":1035,"column":8},"end":{"line":1035,"column":24}},"464":{"start":{"line":1037,"column":4},"end":{"line":1037,"column":20}},"465":{"start":{"line":1040,"column":4},"end":{"line":1042,"column":33}},"466":{"start":{"line":1045,"column":4},"end":{"line":1047,"column":5}},"467":{"start":{"line":1046,"column":8},"end":{"line":1046,"column":24}},"468":{"start":{"line":1048,"column":4},"end":{"line":1050,"column":5}},"469":{"start":{"line":1049,"column":8},"end":{"line":1049,"column":30}},"470":{"start":{"line":1051,"column":4},"end":{"line":1051,"column":16}},"471":{"start":{"line":1054,"column":19},"end":{"line":1064,"column":1}},"472":{"start":{"line":1056,"column":22},"end":{"line":1056,"column":24}},"473":{"start":{"line":1058,"column":8},"end":{"line":1058,"column":36}},"474":{"start":{"line":1060,"column":22},"end":{"line":1060,"column":28}},"475":{"start":{"line":1062,"column":8},"end":{"line":1062,"column":36}},"476":{"start":{"line":1065,"column":17},"end":{"line":1075,"column":1}},"477":{"start":{"line":1067,"column":22},"end":{"line":1067,"column":27}},"478":{"start":{"line":1069,"column":8},"end":{"line":1069,"column":40}},"479":{"start":{"line":1071,"column":21},"end":{"line":1071,"column":26}},"480":{"start":{"line":1073,"column":8},"end":{"line":1073,"column":50}},"481":{"start":{"line":1077,"column":4},"end":{"line":1111,"column":6}},"482":{"start":{"line":1114,"column":15},"end":{"line":1114,"column":17}},"483":{"start":{"line":1115,"column":21},"end":{"line":1115,"column":34}},"484":{"start":{"line":1116,"column":4},"end":{"line":1118,"column":5}},"485":{"start":{"line":1117,"column":8},"end":{"line":1117,"column":32}},"486":{"start":{"line":1119,"column":4},"end":{"line":1124,"column":5}},"487":{"start":{"line":1120,"column":8},"end":{"line":1122,"column":9}},"488":{"start":{"line":1121,"column":12},"end":{"line":1121,"column":44}},"489":{"start":{"line":1123,"column":8},"end":{"line":1123,"column":32}},"490":{"start":{"line":1125,"column":4},"end":{"line":1125,"column":14}},"491":{"start":{"line":1128,"column":4},"end":{"line":1130,"column":5}},"492":{"start":{"line":1129,"column":8},"end":{"line":1129,"column":42}},"493":{"start":{"line":1131,"column":4},"end":{"line":1138,"column":5}},"494":{"start":{"line":1132,"column":22},"end":{"line":1132,"column":45}},"495":{"start":{"line":1133,"column":21},"end":{"line":1133,"column":29}},"496":{"start":{"line":1134,"column":8},"end":{"line":1136,"column":9}},"497":{"start":{"line":1134,"column":41},"end":{"line":1134,"column":51}},"498":{"start":{"line":1135,"column":12},"end":{"line":1135,"column":19}},"499":{"start":{"line":1137,"column":8},"end":{"line":1137,"column":27}},"500":{"start":{"line":1139,"column":4},"end":{"line":1144,"column":5}},"501":{"start":{"line":1141,"column":12},"end":{"line":1141,"column":26}},"502":{"start":{"line":1143,"column":12},"end":{"line":1143,"column":28}},"503":{"start":{"line":1148,"column":4},"end":{"line":1150,"column":5}},"504":{"start":{"line":1149,"column":8},"end":{"line":1149,"column":34}},"505":{"start":{"line":1151,"column":4},"end":{"line":1164,"column":5}},"506":{"start":{"line":1153,"column":22},"end":{"line":1155,"column":10}},"507":{"start":{"line":1154,"column":12},"end":{"line":1154,"column":36}},"508":{"start":{"line":1156,"column":21},"end":{"line":1156,"column":29}},"509":{"start":{"line":1157,"column":8},"end":{"line":1159,"column":9}},"510":{"start":{"line":1158,"column":12},"end":{"line":1158,"column":19}},"511":{"start":{"line":1160,"column":8},"end":{"line":1162,"column":9}},"512":{"start":{"line":1160,"column":32},"end":{"line":1160,"column":63}},"513":{"start":{"line":1161,"column":12},"end":{"line":1161,"column":19}},"514":{"start":{"line":1163,"column":8},"end":{"line":1163,"column":20}},"515":{"start":{"line":1165,"column":23},"end":{"line":1165,"column":36}},"516":{"start":{"line":1166,"column":4},"end":{"line":1178,"column":5}},"517":{"start":{"line":1167,"column":23},"end":{"line":1169,"column":10}},"518":{"start":{"line":1168,"column":12},"end":{"line":1168,"column":79}},"519":{"start":{"line":1170,"column":8},"end":{"line":1172,"column":9}},"520":{"start":{"line":1170,"column":35},"end":{"line":1170,"column":46}},"521":{"start":{"line":1171,"column":12},"end":{"line":1171,"column":19}},"522":{"start":{"line":1173,"column":8},"end":{"line":1177,"column":15}},"523":{"start":{"line":1179,"column":4},"end":{"line":1184,"column":5}},"524":{"start":{"line":1181,"column":12},"end":{"line":1181,"column":28}},"525":{"start":{"line":1183,"column":12},"end":{"line":1183,"column":30}},"526":{"start":{"line":1192,"column":21},"end":{"line":1201,"column":22}},"527":{"start":{"line":1194,"column":12},"end":{"line":1199,"column":13}},"528":{"start":{"line":1195,"column":16},"end":{"line":1195,"column":29}},"529":{"start":{"line":1198,"column":16},"end":{"line":1198,"column":52}},"530":{"start":{"line":1202,"column":8},"end":{"line":1202,"column":71}},"531":{"start":{"line":1203,"column":8},"end":{"line":1203,"column":43}},"532":{"start":{"line":1204,"column":8},"end":{"line":1204,"column":23}},"533":{"start":{"line":1205,"column":8},"end":{"line":1205,"column":47}},"534":{"start":{"line":1208,"column":0},"end":{"line":1208,"column":44}},"535":{"start":{"line":1210,"column":23},"end":{"line":1210,"column":50}},"536":{"start":{"line":1211,"column":21},"end":{"line":1211,"column":46}},"537":{"start":{"line":1212,"column":24},"end":{"line":1212,"column":46}},"538":{"start":{"line":1214,"column":4},"end":{"line":1239,"column":5}},"539":{"start":{"line":1215,"column":8},"end":{"line":1215,"column":33}},"540":{"start":{"line":1218,"column":8},"end":{"line":1238,"column":9}},"541":{"start":{"line":1220,"column":12},"end":{"line":1230,"column":13}},"542":{"start":{"line":1221,"column":31},"end":{"line":1221,"column":59}},"543":{"start":{"line":1222,"column":30},"end":{"line":1222,"column":72}},"544":{"start":{"line":1223,"column":16},"end":{"line":1223,"column":37}},"545":{"start":{"line":1224,"column":16},"end":{"line":1226,"column":17}},"546":{"start":{"line":1225,"column":20},"end":{"line":1225,"column":72}},"547":{"start":{"line":1229,"column":16},"end":{"line":1229,"column":39}},"548":{"start":{"line":1231,"column":32},"end":{"line":1231,"column":51}},"549":{"start":{"line":1232,"column":12},"end":{"line":1232,"column":34}},"550":{"start":{"line":1233,"column":12},"end":{"line":1233,"column":51}},"551":{"start":{"line":1236,"column":12},"end":{"line":1237,"column":91}},"552":{"start":{"line":1240,"column":21},"end":{"line":1240,"column":46}},"553":{"start":{"line":1241,"column":4},"end":{"line":1243,"column":5}},"554":{"start":{"line":1242,"column":8},"end":{"line":1242,"column":45}},"555":{"start":{"line":1244,"column":16},"end":{"line":1248,"column":5}},"556":{"start":{"line":1249,"column":4},"end":{"line":1277,"column":5}},"557":{"start":{"line":1250,"column":8},"end":{"line":1273,"column":9}},"558":{"start":{"line":1252,"column":12},"end":{"line":1259,"column":13}},"559":{"start":{"line":1253,"column":16},"end":{"line":1253,"column":36}},"560":{"start":{"line":1256,"column":30},"end":{"line":1256,"column":51}},"561":{"start":{"line":1257,"column":30},"end":{"line":1257,"column":99}},"562":{"start":{"line":1258,"column":16},"end":{"line":1258,"column":91}},"563":{"start":{"line":1260,"column":12},"end":{"line":1262,"column":13}},"564":{"start":{"line":1261,"column":16},"end":{"line":1261,"column":49}},"565":{"start":{"line":1263,"column":12},"end":{"line":1263,"column":56}},"566":{"start":{"line":1265,"column":13},"end":{"line":1273,"column":9}},"567":{"start":{"line":1266,"column":12},"end":{"line":1266,"column":60}},"568":{"start":{"line":1268,"column":13},"end":{"line":1273,"column":9}},"569":{"start":{"line":1269,"column":12},"end":{"line":1269,"column":70}},"570":{"start":{"line":1272,"column":12},"end":{"line":1272,"column":89}},"571":{"start":{"line":1276,"column":8},"end":{"line":1276,"column":44}},"572":{"start":{"line":1280,"column":17},"end":{"line":1280,"column":35}},"573":{"start":{"line":1282,"column":4},"end":{"line":1284,"column":5}},"574":{"start":{"line":1283,"column":8},"end":{"line":1283,"column":59}},"575":{"start":{"line":1285,"column":4},"end":{"line":1294,"column":5}},"576":{"start":{"line":1286,"column":8},"end":{"line":1293,"column":9}},"577":{"start":{"line":1287,"column":12},"end":{"line":1292,"column":13}},"578":{"start":{"line":1288,"column":16},"end":{"line":1288,"column":47}},"579":{"start":{"line":1291,"column":16},"end":{"line":1291,"column":28}},"580":{"start":{"line":1295,"column":4},"end":{"line":1299,"column":5}},"581":{"start":{"line":1296,"column":8},"end":{"line":1298,"column":9}},"582":{"start":{"line":1297,"column":12},"end":{"line":1297,"column":24}},"583":{"start":{"line":1300,"column":4},"end":{"line":1312,"column":5}},"584":{"start":{"line":1301,"column":20},"end":{"line":1301,"column":43}},"585":{"start":{"line":1302,"column":19},"end":{"line":1302,"column":21}},"586":{"start":{"line":1303,"column":8},"end":{"line":1307,"column":9}},"587":{"start":{"line":1303,"column":21},"end":{"line":1303,"column":22}},"588":{"start":{"line":1304,"column":12},"end":{"line":1304,"column":52}},"589":{"start":{"line":1305,"column":12},"end":{"line":1305,"column":35}},"590":{"start":{"line":1306,"column":12},"end":{"line":1306,"column":33}},"591":{"start":{"line":1308,"column":8},"end":{"line":1308,"column":18}},"592":{"start":{"line":1311,"column":8},"end":{"line":1311,"column":29}},"593":{"start":{"line":1314,"column":24},"end":{"line":1314,"column":44}},"594":{"start":{"line":1315,"column":8},"end":{"line":1367,"column":9}},"595":{"start":{"line":1316,"column":12},"end":{"line":1316,"column":44}},"596":{"start":{"line":1319,"column":12},"end":{"line":1366,"column":13}},"597":{"start":{"line":1321,"column":16},"end":{"line":1321,"column":67}},"598":{"start":{"line":1322,"column":27},"end":{"line":1322,"column":63}},"599":{"start":{"line":1323,"column":16},"end":{"line":1323,"column":37}},"600":{"start":{"line":1324,"column":16},"end":{"line":1324,"column":26}},"601":{"start":{"line":1326,"column":17},"end":{"line":1366,"column":13}},"602":{"start":{"line":1327,"column":31},"end":{"line":1327,"column":45}},"603":{"start":{"line":1328,"column":16},"end":{"line":1330,"column":17}},"604":{"start":{"line":1329,"column":20},"end":{"line":1329,"column":61}},"605":{"start":{"line":1331,"column":27},"end":{"line":1331,"column":29}},"606":{"start":{"line":1332,"column":16},"end":{"line":1336,"column":17}},"607":{"start":{"line":1333,"column":20},"end":{"line":1333,"column":81}},"608":{"start":{"line":1334,"column":20},"end":{"line":1334,"column":76}},"609":{"start":{"line":1335,"column":20},"end":{"line":1335,"column":41}},"610":{"start":{"line":1337,"column":16},"end":{"line":1343,"column":17}},"611":{"start":{"line":1338,"column":20},"end":{"line":1338,"column":40}},"612":{"start":{"line":1339,"column":20},"end":{"line":1339,"column":44}},"613":{"start":{"line":1342,"column":20},"end":{"line":1342,"column":30}},"614":{"start":{"line":1345,"column":17},"end":{"line":1366,"column":13}},"615":{"start":{"line":1346,"column":29},"end":{"line":1346,"column":47}},"616":{"start":{"line":1347,"column":30},"end":{"line":1347,"column":48}},"617":{"start":{"line":1348,"column":16},"end":{"line":1350,"column":17}},"618":{"start":{"line":1349,"column":20},"end":{"line":1349,"column":68}},"619":{"start":{"line":1351,"column":16},"end":{"line":1351,"column":72}},"620":{"start":{"line":1352,"column":27},"end":{"line":1352,"column":78}},"621":{"start":{"line":1353,"column":16},"end":{"line":1353,"column":37}},"622":{"start":{"line":1354,"column":16},"end":{"line":1359,"column":17}},"623":{"start":{"line":1355,"column":20},"end":{"line":1355,"column":44}},"624":{"start":{"line":1358,"column":20},"end":{"line":1358,"column":30}},"625":{"start":{"line":1361,"column":17},"end":{"line":1366,"column":13}},"626":{"start":{"line":1362,"column":16},"end":{"line":1362,"column":48}},"627":{"start":{"line":1365,"column":16},"end":{"line":1365,"column":114}},"628":{"start":{"line":1371,"column":4},"end":{"line":1402,"column":5}},"629":{"start":{"line":1372,"column":8},"end":{"line":1374,"column":9}},"630":{"start":{"line":1373,"column":12},"end":{"line":1373,"column":24}},"631":{"start":{"line":1375,"column":8},"end":{"line":1382,"column":9}},"632":{"start":{"line":1376,"column":12},"end":{"line":1381,"column":13}},"633":{"start":{"line":1377,"column":16},"end":{"line":1377,"column":47}},"634":{"start":{"line":1380,"column":16},"end":{"line":1380,"column":28}},"635":{"start":{"line":1383,"column":8},"end":{"line":1385,"column":27}},"636":{"start":{"line":1384,"column":27},"end":{"line":1384,"column":37}},"637":{"start":{"line":1387,"column":9},"end":{"line":1402,"column":5}},"638":{"start":{"line":1388,"column":8},"end":{"line":1390,"column":9}},"639":{"start":{"line":1389,"column":12},"end":{"line":1389,"column":46}},"640":{"start":{"line":1391,"column":19},"end":{"line":1391,"column":21}},"641":{"start":{"line":1392,"column":20},"end":{"line":1392,"column":32}},"642":{"start":{"line":1393,"column":8},"end":{"line":1397,"column":9}},"643":{"start":{"line":1393,"column":21},"end":{"line":1393,"column":22}},"644":{"start":{"line":1394,"column":12},"end":{"line":1394,"column":52}},"645":{"start":{"line":1395,"column":12},"end":{"line":1395,"column":43}},"646":{"start":{"line":1396,"column":12},"end":{"line":1396,"column":33}},"647":{"start":{"line":1398,"column":8},"end":{"line":1398,"column":18}},"648":{"start":{"line":1401,"column":8},"end":{"line":1401,"column":34}},"649":{"start":{"line":1404,"column":24},"end":{"line":1404,"column":44}},"650":{"start":{"line":1405,"column":8},"end":{"line":1472,"column":9}},"651":{"start":{"line":1407,"column":12},"end":{"line":1407,"column":54}},"652":{"start":{"line":1409,"column":13},"end":{"line":1472,"column":9}},"653":{"start":{"line":1410,"column":12},"end":{"line":1412,"column":13}},"654":{"start":{"line":1411,"column":16},"end":{"line":1411,"column":51}},"655":{"start":{"line":1413,"column":12},"end":{"line":1415,"column":13}},"656":{"start":{"line":1414,"column":16},"end":{"line":1414,"column":29}},"657":{"start":{"line":1416,"column":27},"end":{"line":1416,"column":41}},"658":{"start":{"line":1417,"column":12},"end":{"line":1419,"column":13}},"659":{"start":{"line":1418,"column":16},"end":{"line":1418,"column":57}},"660":{"start":{"line":1420,"column":27},"end":{"line":1420,"column":29}},"661":{"start":{"line":1421,"column":12},"end":{"line":1425,"column":13}},"662":{"start":{"line":1422,"column":16},"end":{"line":1422,"column":77}},"663":{"start":{"line":1423,"column":16},"end":{"line":1423,"column":86}},"664":{"start":{"line":1424,"column":16},"end":{"line":1424,"column":37}},"665":{"start":{"line":1426,"column":12},"end":{"line":1432,"column":13}},"666":{"start":{"line":1427,"column":16},"end":{"line":1427,"column":40}},"667":{"start":{"line":1428,"column":16},"end":{"line":1428,"column":44}},"668":{"start":{"line":1431,"column":16},"end":{"line":1431,"column":30}},"669":{"start":{"line":1434,"column":13},"end":{"line":1472,"column":9}},"670":{"start":{"line":1436,"column":12},"end":{"line":1446,"column":13}},"671":{"start":{"line":1437,"column":16},"end":{"line":1437,"column":33}},"672":{"start":{"line":1438,"column":16},"end":{"line":1438,"column":33}},"673":{"start":{"line":1440,"column":17},"end":{"line":1446,"column":13}},"674":{"start":{"line":1441,"column":16},"end":{"line":1441,"column":42}},"675":{"start":{"line":1442,"column":16},"end":{"line":1442,"column":36}},"676":{"start":{"line":1445,"column":16},"end":{"line":1445,"column":43}},"677":{"start":{"line":1447,"column":25},"end":{"line":1447,"column":76}},"678":{"start":{"line":1447,"column":55},"end":{"line":1447,"column":75}},"679":{"start":{"line":1448,"column":12},"end":{"line":1450,"column":13}},"680":{"start":{"line":1449,"column":16},"end":{"line":1449,"column":66}},"681":{"start":{"line":1451,"column":26},"end":{"line":1451,"column":44}},"682":{"start":{"line":1452,"column":12},"end":{"line":1452,"column":68}},"683":{"start":{"line":1453,"column":23},"end":{"line":1453,"column":72}},"684":{"start":{"line":1454,"column":12},"end":{"line":1454,"column":33}},"685":{"start":{"line":1455,"column":12},"end":{"line":1461,"column":13}},"686":{"start":{"line":1456,"column":16},"end":{"line":1456,"column":36}},"687":{"start":{"line":1457,"column":16},"end":{"line":1457,"column":40}},"688":{"start":{"line":1460,"column":16},"end":{"line":1460,"column":26}},"689":{"start":{"line":1464,"column":12},"end":{"line":1470,"column":13}},"690":{"start":{"line":1466,"column":16},"end":{"line":1468,"column":17}},"691":{"start":{"line":1467,"column":20},"end":{"line":1467,"column":33}},"692":{"start":{"line":1469,"column":16},"end":{"line":1469,"column":48}},"693":{"start":{"line":1471,"column":12},"end":{"line":1471,"column":39}},"694":{"start":{"line":1477,"column":4},"end":{"line":1479,"column":5}},"695":{"start":{"line":1478,"column":8},"end":{"line":1478,"column":18}},"696":{"start":{"line":1480,"column":4},"end":{"line":1482,"column":5}},"697":{"start":{"line":1481,"column":8},"end":{"line":1481,"column":20}},"698":{"start":{"line":1483,"column":20},"end":{"line":1483,"column":40}},"699":{"start":{"line":1484,"column":4},"end":{"line":1486,"column":5}},"700":{"start":{"line":1485,"column":8},"end":{"line":1485,"column":36}},"701":{"start":{"line":1487,"column":4},"end":{"line":1489,"column":5}},"702":{"start":{"line":1488,"column":8},"end":{"line":1488,"column":51}},"703":{"start":{"line":1490,"column":4},"end":{"line":1490,"column":24}},"704":{"start":{"line":1491,"column":4},"end":{"line":1503,"column":5}},"705":{"start":{"line":1492,"column":19},"end":{"line":1492,"column":21}},"706":{"start":{"line":1493,"column":8},"end":{"line":1497,"column":9}},"707":{"start":{"line":1494,"column":12},"end":{"line":1494,"column":73}},"708":{"start":{"line":1495,"column":12},"end":{"line":1495,"column":65}},"709":{"start":{"line":1496,"column":12},"end":{"line":1496,"column":33}},"710":{"start":{"line":1498,"column":8},"end":{"line":1501,"column":9}},"711":{"start":{"line":1499,"column":12},"end":{"line":1499,"column":32}},"712":{"start":{"line":1500,"column":12},"end":{"line":1500,"column":36}},"713":{"start":{"line":1502,"column":8},"end":{"line":1502,"column":18}},"714":{"start":{"line":1504,"column":4},"end":{"line":1511,"column":5}},"715":{"start":{"line":1505,"column":19},"end":{"line":1505,"column":81}},"716":{"start":{"line":1506,"column":8},"end":{"line":1509,"column":9}},"717":{"start":{"line":1507,"column":12},"end":{"line":1507,"column":32}},"718":{"start":{"line":1508,"column":12},"end":{"line":1508,"column":36}},"719":{"start":{"line":1510,"column":8},"end":{"line":1510,"column":18}},"720":{"start":{"line":1512,"column":4},"end":{"line":1517,"column":5}},"721":{"start":{"line":1513,"column":8},"end":{"line":1513,"column":59}},"722":{"start":{"line":1514,"column":19},"end":{"line":1514,"column":52}},"723":{"start":{"line":1515,"column":8},"end":{"line":1515,"column":29}},"724":{"start":{"line":1516,"column":8},"end":{"line":1516,"column":18}},"725":{"start":{"line":1518,"column":4},"end":{"line":1518,"column":57}},"726":{"start":{"line":1522,"column":8},"end":{"line":1522,"column":27}},"727":{"start":{"line":1523,"column":8},"end":{"line":1523,"column":21}},"728":{"start":{"line":1525,"column":8},"end":{"line":1525,"column":27}},"729":{"start":{"line":1526,"column":8},"end":{"line":1526,"column":84}},"730":{"start":{"line":1527,"column":8},"end":{"line":1527,"column":83}},"731":{"start":{"line":1530,"column":8},"end":{"line":1530,"column":59}},"732":{"start":{"line":1533,"column":8},"end":{"line":1535,"column":9}},"733":{"start":{"line":1534,"column":12},"end":{"line":1534,"column":55}},"734":{"start":{"line":1538,"column":8},"end":{"line":1540,"column":9}},"735":{"start":{"line":1539,"column":12},"end":{"line":1539,"column":48}},"736":{"start":{"line":1541,"column":8},"end":{"line":1541,"column":23}},"737":{"start":{"line":1544,"column":8},"end":{"line":1544,"column":24}},"738":{"start":{"line":1547,"column":8},"end":{"line":1547,"column":27}},"739":{"start":{"line":1548,"column":8},"end":{"line":1548,"column":26}},"740":{"start":{"line":1552,"column":8},"end":{"line":1552,"column":23}},"741":{"start":{"line":1553,"column":8},"end":{"line":1553,"column":38}},"742":{"start":{"line":1557,"column":8},"end":{"line":1557,"column":31}},"743":{"start":{"line":1559,"column":8},"end":{"line":1568,"column":9}},"744":{"start":{"line":1561,"column":16},"end":{"line":1561,"column":58}},"745":{"start":{"line":1562,"column":16},"end":{"line":1562,"column":22}},"746":{"start":{"line":1564,"column":16},"end":{"line":1564,"column":58}},"747":{"start":{"line":1565,"column":16},"end":{"line":1565,"column":22}},"748":{"start":{"line":1567,"column":16},"end":{"line":1567,"column":54}},"749":{"start":{"line":1569,"column":8},"end":{"line":1569,"column":30}},"750":{"start":{"line":1570,"column":8},"end":{"line":1570,"column":18}},"751":{"start":{"line":1573,"column":16},"end":{"line":1573,"column":17}},"752":{"start":{"line":1574,"column":18},"end":{"line":1574,"column":19}},"753":{"start":{"line":1575,"column":8},"end":{"line":1582,"column":9}},"754":{"start":{"line":1576,"column":22},"end":{"line":1576,"column":37}},"755":{"start":{"line":1577,"column":12},"end":{"line":1577,"column":35}},"756":{"start":{"line":1578,"column":12},"end":{"line":1578,"column":21}},"757":{"start":{"line":1579,"column":12},"end":{"line":1581,"column":13}},"758":{"start":{"line":1580,"column":16},"end":{"line":1580,"column":22}},"759":{"start":{"line":1583,"column":8},"end":{"line":1583,"column":23}},"760":{"start":{"line":1586,"column":18},"end":{"line":1586,"column":38}},"761":{"start":{"line":1587,"column":8},"end":{"line":1592,"column":9}},"762":{"start":{"line":1588,"column":12},"end":{"line":1588,"column":42}},"763":{"start":{"line":1591,"column":12},"end":{"line":1591,"column":27}},"764":{"start":{"line":1595,"column":8},"end":{"line":1595,"column":28}},"765":{"start":{"line":1596,"column":19},"end":{"line":1596,"column":67}},"766":{"start":{"line":1597,"column":8},"end":{"line":1597,"column":27}},"767":{"start":{"line":1598,"column":8},"end":{"line":1598,"column":18}},"768":{"start":{"line":1601,"column":23},"end":{"line":1601,"column":43}},"769":{"start":{"line":1602,"column":8},"end":{"line":1602,"column":63}},"770":{"start":{"line":1605,"column":0},"end":{"line":1605,"column":38}},"771":{"start":{"line":1612,"column":21},"end":{"line":1621,"column":22}},"772":{"start":{"line":1614,"column":12},"end":{"line":1619,"column":13}},"773":{"start":{"line":1615,"column":16},"end":{"line":1615,"column":29}},"774":{"start":{"line":1618,"column":16},"end":{"line":1618,"column":52}},"775":{"start":{"line":1622,"column":8},"end":{"line":1622,"column":71}},"776":{"start":{"line":1623,"column":8},"end":{"line":1623,"column":43}},"777":{"start":{"line":1624,"column":8},"end":{"line":1624,"column":23}},"778":{"start":{"line":1625,"column":8},"end":{"line":1625,"column":47}},"779":{"start":{"line":1628,"column":0},"end":{"line":1628,"column":44}},"780":{"start":{"line":1632,"column":4},"end":{"line":1653,"column":5}},"781":{"start":{"line":1633,"column":8},"end":{"line":1633,"column":29}},"782":{"start":{"line":1635,"column":9},"end":{"line":1653,"column":5}},"783":{"start":{"line":1636,"column":8},"end":{"line":1638,"column":9}},"784":{"start":{"line":1637,"column":12},"end":{"line":1637,"column":34}},"785":{"start":{"line":1639,"column":8},"end":{"line":1639,"column":44}},"786":{"start":{"line":1641,"column":9},"end":{"line":1653,"column":5}},"787":{"start":{"line":1642,"column":8},"end":{"line":1642,"column":25}},"788":{"start":{"line":1643,"column":8},"end":{"line":1643,"column":37}},"789":{"start":{"line":1646,"column":8},"end":{"line":1646,"column":36}},"790":{"start":{"line":1647,"column":8},"end":{"line":1652,"column":9}},"791":{"start":{"line":1648,"column":12},"end":{"line":1648,"column":36}},"792":{"start":{"line":1649,"column":12},"end":{"line":1651,"column":13}},"793":{"start":{"line":1650,"column":16},"end":{"line":1650,"column":33}},"794":{"start":{"line":1654,"column":24},"end":{"line":1654,"column":72}},"795":{"start":{"line":1655,"column":4},"end":{"line":1661,"column":5}},"796":{"start":{"line":1656,"column":8},"end":{"line":1656,"column":34}},"797":{"start":{"line":1658,"column":9},"end":{"line":1661,"column":5}},"798":{"start":{"line":1659,"column":25},"end":{"line":1659,"column":60}},"799":{"start":{"line":1660,"column":8},"end":{"line":1660,"column":63}},"800":{"start":{"line":1660,"column":39},"end":{"line":1660,"column":61}},"801":{"start":{"line":1663,"column":4},"end":{"line":1677,"column":5}},"802":{"start":{"line":1664,"column":8},"end":{"line":1664,"column":60}},"803":{"start":{"line":1666,"column":9},"end":{"line":1677,"column":5}},"804":{"start":{"line":1667,"column":28},"end":{"line":1667,"column":47}},"805":{"start":{"line":1668,"column":8},"end":{"line":1668,"column":73}},"806":{"start":{"line":1669,"column":8},"end":{"line":1669,"column":47}},"807":{"start":{"line":1671,"column":9},"end":{"line":1677,"column":5}},"808":{"start":{"line":1672,"column":8},"end":{"line":1672,"column":50}},"809":{"start":{"line":1675,"column":8},"end":{"line":1676,"column":75}},"810":{"start":{"line":1678,"column":18},"end":{"line":1678,"column":46}},"811":{"start":{"line":1679,"column":20},"end":{"line":1679,"column":52}},"812":{"start":{"line":1680,"column":4},"end":{"line":1682,"column":5}},"813":{"start":{"line":1681,"column":8},"end":{"line":1681,"column":41}},"814":{"start":{"line":1683,"column":16},"end":{"line":1687,"column":5}},"815":{"start":{"line":1688,"column":4},"end":{"line":1693,"column":5}},"816":{"start":{"line":1689,"column":8},"end":{"line":1689,"column":46}},"817":{"start":{"line":1692,"column":8},"end":{"line":1692,"column":44}},"818":{"start":{"line":1694,"column":4},"end":{"line":1694,"column":41}},"819":{"start":{"line":1697,"column":24},"end":{"line":1697,"column":61}},"820":{"start":{"line":1698,"column":4},"end":{"line":1703,"column":5}},"821":{"start":{"line":1699,"column":8},"end":{"line":1699,"column":51}},"822":{"start":{"line":1700,"column":8},"end":{"line":1702,"column":9}},"823":{"start":{"line":1701,"column":12},"end":{"line":1701,"column":19}},"824":{"start":{"line":1704,"column":4},"end":{"line":1720,"column":5}},"825":{"start":{"line":1705,"column":8},"end":{"line":1707,"column":9}},"826":{"start":{"line":1706,"column":12},"end":{"line":1706,"column":68}},"827":{"start":{"line":1708,"column":20},"end":{"line":1708,"column":32}},"828":{"start":{"line":1709,"column":8},"end":{"line":1711,"column":9}},"829":{"start":{"line":1710,"column":12},"end":{"line":1710,"column":44}},"830":{"start":{"line":1712,"column":8},"end":{"line":1716,"column":9}},"831":{"start":{"line":1712,"column":21},"end":{"line":1712,"column":22}},"832":{"start":{"line":1713,"column":12},"end":{"line":1713,"column":52}},"833":{"start":{"line":1714,"column":12},"end":{"line":1714,"column":34}},"834":{"start":{"line":1715,"column":12},"end":{"line":1715,"column":33}},"835":{"start":{"line":1719,"column":8},"end":{"line":1719,"column":27}},"836":{"start":{"line":1722,"column":24},"end":{"line":1722,"column":44}},"837":{"start":{"line":1723,"column":8},"end":{"line":1727,"column":9}},"838":{"start":{"line":1725,"column":12},"end":{"line":1725,"column":44}},"839":{"start":{"line":1726,"column":12},"end":{"line":1726,"column":19}},"840":{"start":{"line":1728,"column":8},"end":{"line":1735,"column":9}},"841":{"start":{"line":1729,"column":12},"end":{"line":1731,"column":13}},"842":{"start":{"line":1730,"column":16},"end":{"line":1730,"column":23}},"843":{"start":{"line":1732,"column":12},"end":{"line":1734,"column":31}},"844":{"start":{"line":1733,"column":31},"end":{"line":1733,"column":41}},"845":{"start":{"line":1736,"column":8},"end":{"line":1794,"column":9}},"846":{"start":{"line":1738,"column":12},"end":{"line":1738,"column":46}},"847":{"start":{"line":1740,"column":13},"end":{"line":1794,"column":9}},"848":{"start":{"line":1742,"column":12},"end":{"line":1742,"column":37}},"849":{"start":{"line":1746,"column":12},"end":{"line":1793,"column":13}},"850":{"start":{"line":1747,"column":16},"end":{"line":1749,"column":17}},"851":{"start":{"line":1748,"column":20},"end":{"line":1748,"column":73}},"852":{"start":{"line":1750,"column":31},"end":{"line":1750,"column":45}},"853":{"start":{"line":1751,"column":16},"end":{"line":1753,"column":17}},"854":{"start":{"line":1752,"column":20},"end":{"line":1752,"column":61}},"855":{"start":{"line":1754,"column":16},"end":{"line":1758,"column":17}},"856":{"start":{"line":1755,"column":20},"end":{"line":1755,"column":81}},"857":{"start":{"line":1756,"column":20},"end":{"line":1756,"column":66}},"858":{"start":{"line":1757,"column":20},"end":{"line":1757,"column":41}},"859":{"start":{"line":1760,"column":17},"end":{"line":1793,"column":13}},"860":{"start":{"line":1762,"column":16},"end":{"line":1772,"column":17}},"861":{"start":{"line":1763,"column":20},"end":{"line":1763,"column":37}},"862":{"start":{"line":1764,"column":20},"end":{"line":1764,"column":37}},"863":{"start":{"line":1766,"column":21},"end":{"line":1772,"column":17}},"864":{"start":{"line":1767,"column":20},"end":{"line":1767,"column":46}},"865":{"start":{"line":1768,"column":20},"end":{"line":1768,"column":40}},"866":{"start":{"line":1771,"column":20},"end":{"line":1771,"column":47}},"867":{"start":{"line":1773,"column":29},"end":{"line":1773,"column":80}},"868":{"start":{"line":1773,"column":59},"end":{"line":1773,"column":79}},"869":{"start":{"line":1774,"column":16},"end":{"line":1777,"column":17}},"870":{"start":{"line":1775,"column":34},"end":{"line":1775,"column":87}},"871":{"start":{"line":1775,"column":58},"end":{"line":1775,"column":75}},"872":{"start":{"line":1776,"column":20},"end":{"line":1776,"column":97}},"873":{"start":{"line":1778,"column":30},"end":{"line":1778,"column":48}},"874":{"start":{"line":1779,"column":16},"end":{"line":1779,"column":49}},"875":{"start":{"line":1780,"column":16},"end":{"line":1780,"column":72}},"876":{"start":{"line":1781,"column":16},"end":{"line":1781,"column":45}},"877":{"start":{"line":1782,"column":16},"end":{"line":1782,"column":37}},"878":{"start":{"line":1785,"column":16},"end":{"line":1787,"column":17}},"879":{"start":{"line":1786,"column":20},"end":{"line":1786,"column":114}},"880":{"start":{"line":1788,"column":33},"end":{"line":1788,"column":52}},"881":{"start":{"line":1789,"column":16},"end":{"line":1791,"column":17}},"882":{"start":{"line":1790,"column":20},"end":{"line":1790,"column":98}},"883":{"start":{"line":1792,"column":16},"end":{"line":1792,"column":44}},"884":{"start":{"line":1799,"column":8},"end":{"line":1799,"column":33}},"885":{"start":{"line":1800,"column":8},"end":{"line":1800,"column":21}},"886":{"start":{"line":1801,"column":8},"end":{"line":1801,"column":45}},"887":{"start":{"line":1803,"column":8},"end":{"line":1803,"column":27}},"888":{"start":{"line":1804,"column":23},"end":{"line":1804,"column":48}},"889":{"start":{"line":1805,"column":8},"end":{"line":1805,"column":41}},"890":{"start":{"line":1806,"column":8},"end":{"line":1806,"column":44}},"891":{"start":{"line":1809,"column":8},"end":{"line":1811,"column":9}},"892":{"start":{"line":1810,"column":12},"end":{"line":1810,"column":19}},"893":{"start":{"line":1812,"column":22},"end":{"line":1812,"column":54}},"894":{"start":{"line":1813,"column":24},"end":{"line":1813,"column":68}},"895":{"start":{"line":1814,"column":23},"end":{"line":1814,"column":47}},"896":{"start":{"line":1815,"column":21},"end":{"line":1815,"column":41}},"897":{"start":{"line":1816,"column":22},"end":{"line":1816,"column":44}},"898":{"start":{"line":1817,"column":8},"end":{"line":1817,"column":30}},"899":{"start":{"line":1818,"column":8},"end":{"line":1818,"column":25}},"900":{"start":{"line":1819,"column":8},"end":{"line":1819,"column":27}},"901":{"start":{"line":1823,"column":8},"end":{"line":1823,"column":23}},"902":{"start":{"line":1824,"column":8},"end":{"line":1824,"column":38}},"903":{"start":{"line":1828,"column":21},"end":{"line":1828,"column":33}},"904":{"start":{"line":1829,"column":8},"end":{"line":1829,"column":26}},"905":{"start":{"line":1830,"column":8},"end":{"line":1830,"column":40}},"906":{"start":{"line":1831,"column":8},"end":{"line":1831,"column":25}},"907":{"start":{"line":1834,"column":8},"end":{"line":1834,"column":31}},"908":{"start":{"line":1835,"column":8},"end":{"line":1844,"column":9}},"909":{"start":{"line":1837,"column":16},"end":{"line":1837,"column":60}},"910":{"start":{"line":1838,"column":16},"end":{"line":1838,"column":22}},"911":{"start":{"line":1840,"column":16},"end":{"line":1840,"column":60}},"912":{"start":{"line":1841,"column":16},"end":{"line":1841,"column":22}},"913":{"start":{"line":1843,"column":16},"end":{"line":1843,"column":54}},"914":{"start":{"line":1845,"column":8},"end":{"line":1845,"column":30}},"915":{"start":{"line":1848,"column":8},"end":{"line":1848,"column":23}},"916":{"start":{"line":1849,"column":8},"end":{"line":1858,"column":9}},"917":{"start":{"line":1850,"column":12},"end":{"line":1857,"column":13}},"918":{"start":{"line":1851,"column":16},"end":{"line":1851,"column":59}},"919":{"start":{"line":1852,"column":16},"end":{"line":1852,"column":28}},"920":{"start":{"line":1855,"column":16},"end":{"line":1855,"column":43}},"921":{"start":{"line":1856,"column":16},"end":{"line":1856,"column":22}},"922":{"start":{"line":1861,"column":8},"end":{"line":1861,"column":50}},"923":{"start":{"line":1864,"column":21},"end":{"line":1864,"column":47}},"924":{"start":{"line":1865,"column":8},"end":{"line":1865,"column":45}},"925":{"start":{"line":1866,"column":8},"end":{"line":1866,"column":30}},"926":{"start":{"line":1869,"column":8},"end":{"line":1869,"column":82}},"927":{"start":{"line":1872,"column":8},"end":{"line":1872,"column":41}},"928":{"start":{"line":1875,"column":0},"end":{"line":1875,"column":38}},"929":{"start":{"line":1879,"column":8},"end":{"line":1879,"column":51}},"930":{"start":{"line":1880,"column":8},"end":{"line":1880,"column":38}},"931":{"start":{"line":1881,"column":8},"end":{"line":1881,"column":44}},"932":{"start":{"line":1882,"column":8},"end":{"line":1882,"column":42}},"933":{"start":{"line":1883,"column":8},"end":{"line":1883,"column":42}},"934":{"start":{"line":1884,"column":8},"end":{"line":1884,"column":40}},"935":{"start":{"line":1885,"column":8},"end":{"line":1885,"column":62}},"936":{"start":{"line":1886,"column":8},"end":{"line":1886,"column":56}},"937":{"start":{"line":1889,"column":8},"end":{"line":1891,"column":9}},"938":{"start":{"line":1890,"column":12},"end":{"line":1890,"column":25}},"939":{"start":{"line":1892,"column":8},"end":{"line":1897,"column":9}},"940":{"start":{"line":1893,"column":12},"end":{"line":1896,"column":15}},"941":{"start":{"line":1898,"column":8},"end":{"line":1900,"column":9}},"942":{"start":{"line":1899,"column":12},"end":{"line":1899,"column":46}},"943":{"start":{"line":1901,"column":8},"end":{"line":1901,"column":30}},"944":{"start":{"line":1904,"column":24},"end":{"line":1904,"column":44}},"945":{"start":{"line":1905,"column":22},"end":{"line":1905,"column":24}},"946":{"start":{"line":1906,"column":25},"end":{"line":1906,"column":48}},"947":{"start":{"line":1907,"column":8},"end":{"line":1909,"column":9}},"948":{"start":{"line":1907,"column":21},"end":{"line":1907,"column":22}},"949":{"start":{"line":1908,"column":12},"end":{"line":1908,"column":92}},"950":{"start":{"line":1910,"column":24},"end":{"line":1910,"column":26}},"951":{"start":{"line":1911,"column":27},"end":{"line":1911,"column":50}},"952":{"start":{"line":1912,"column":8},"end":{"line":1921,"column":9}},"953":{"start":{"line":1912,"column":21},"end":{"line":1912,"column":22}},"954":{"start":{"line":1913,"column":25},"end":{"line":1913,"column":45}},"955":{"start":{"line":1914,"column":25},"end":{"line":1914,"column":45}},"956":{"start":{"line":1915,"column":30},"end":{"line":1915,"column":53}},"957":{"start":{"line":1916,"column":27},"end":{"line":1916,"column":29}},"958":{"start":{"line":1917,"column":12},"end":{"line":1919,"column":13}},"959":{"start":{"line":1917,"column":25},"end":{"line":1917,"column":26}},"960":{"start":{"line":1918,"column":16},"end":{"line":1918,"column":88}},"961":{"start":{"line":1920,"column":12},"end":{"line":1920,"column":49}},"962":{"start":{"line":1922,"column":24},"end":{"line":1922,"column":26}},"963":{"start":{"line":1923,"column":27},"end":{"line":1923,"column":50}},"964":{"start":{"line":1924,"column":8},"end":{"line":1929,"column":9}},"965":{"start":{"line":1924,"column":21},"end":{"line":1924,"column":22}},"966":{"start":{"line":1925,"column":25},"end":{"line":1925,"column":46}},"967":{"start":{"line":1926,"column":25},"end":{"line":1926,"column":45}},"968":{"start":{"line":1927,"column":39},"end":{"line":1927,"column":59}},"969":{"start":{"line":1928,"column":12},"end":{"line":1928,"column":61}},"970":{"start":{"line":1930,"column":23},"end":{"line":1930,"column":25}},"971":{"start":{"line":1931,"column":26},"end":{"line":1931,"column":49}},"972":{"start":{"line":1932,"column":8},"end":{"line":1947,"column":9}},"973":{"start":{"line":1932,"column":21},"end":{"line":1932,"column":22}},"974":{"start":{"line":1933,"column":25},"end":{"line":1933,"column":46}},"975":{"start":{"line":1934,"column":31},"end":{"line":1934,"column":51}},"976":{"start":{"line":1935,"column":30},"end":{"line":1935,"column":32}},"977":{"start":{"line":1936,"column":32},"end":{"line":1936,"column":55}},"978":{"start":{"line":1937,"column":12},"end":{"line":1939,"column":13}},"979":{"start":{"line":1937,"column":25},"end":{"line":1937,"column":26}},"980":{"start":{"line":1938,"column":16},"end":{"line":1938,"column":53}},"981":{"start":{"line":1940,"column":30},"end":{"line":1940,"column":32}},"982":{"start":{"line":1941,"column":32},"end":{"line":1941,"column":55}},"983":{"start":{"line":1942,"column":12},"end":{"line":1944,"column":13}},"984":{"start":{"line":1942,"column":25},"end":{"line":1942,"column":26}},"985":{"start":{"line":1943,"column":16},"end":{"line":1943,"column":53}},"986":{"start":{"line":1945,"column":25},"end":{"line":1945,"column":45}},"987":{"start":{"line":1946,"column":12},"end":{"line":1946,"column":74}},"988":{"start":{"line":1948,"column":34},"end":{"line":1948,"column":36}},"989":{"start":{"line":1949,"column":27},"end":{"line":1949,"column":50}},"990":{"start":{"line":1950,"column":8},"end":{"line":1954,"column":9}},"991":{"start":{"line":1950,"column":21},"end":{"line":1950,"column":22}},"992":{"start":{"line":1951,"column":23},"end":{"line":1951,"column":43}},"993":{"start":{"line":1952,"column":25},"end":{"line":1952,"column":45}},"994":{"start":{"line":1953,"column":12},"end":{"line":1953,"column":49}},"995":{"start":{"line":1956,"column":26},"end":{"line":1956,"column":49}},"996":{"start":{"line":1957,"column":8},"end":{"line":1960,"column":9}},"997":{"start":{"line":1957,"column":21},"end":{"line":1957,"column":22}},"998":{"start":{"line":1958,"column":12},"end":{"line":1958,"column":31}},"999":{"start":{"line":1959,"column":12},"end":{"line":1959,"column":53}},"1000":{"start":{"line":1962,"column":30},"end":{"line":1962,"column":53}},"1001":{"start":{"line":1963,"column":8},"end":{"line":1966,"column":9}},"1002":{"start":{"line":1963,"column":21},"end":{"line":1963,"column":22}},"1003":{"start":{"line":1964,"column":12},"end":{"line":1964,"column":31}},"1004":{"start":{"line":1965,"column":12},"end":{"line":1965,"column":53}},"1005":{"start":{"line":1968,"column":25},"end":{"line":1968,"column":27}},"1006":{"start":{"line":1969,"column":8},"end":{"line":1980,"column":9}},"1007":{"start":{"line":1970,"column":32},"end":{"line":1970,"column":55}},"1008":{"start":{"line":1971,"column":12},"end":{"line":1979,"column":13}},"1009":{"start":{"line":1971,"column":25},"end":{"line":1971,"column":26}},"1010":{"start":{"line":1972,"column":29},"end":{"line":1972,"column":49}},"1011":{"start":{"line":1973,"column":30},"end":{"line":1973,"column":32}},"1012":{"start":{"line":1974,"column":33},"end":{"line":1974,"column":56}},"1013":{"start":{"line":1975,"column":16},"end":{"line":1977,"column":17}},"1014":{"start":{"line":1975,"column":29},"end":{"line":1975,"column":30}},"1015":{"start":{"line":1976,"column":20},"end":{"line":1976,"column":53}},"1016":{"start":{"line":1978,"column":16},"end":{"line":1978,"column":47}},"1017":{"start":{"line":1981,"column":31},"end":{"line":1981,"column":33}},"1018":{"start":{"line":1982,"column":8},"end":{"line":1989,"column":9}},"1019":{"start":{"line":1983,"column":37},"end":{"line":1983,"column":60}},"1020":{"start":{"line":1984,"column":12},"end":{"line":1988,"column":13}},"1021":{"start":{"line":1984,"column":25},"end":{"line":1984,"column":26}},"1022":{"start":{"line":1985,"column":29},"end":{"line":1985,"column":50}},"1023":{"start":{"line":1986,"column":36},"end":{"line":1986,"column":56}},"1024":{"start":{"line":1987,"column":16},"end":{"line":1987,"column":59}},"1025":{"start":{"line":1990,"column":8},"end":{"line":1999,"column":11}},"1026":{"start":{"line":2002,"column":8},"end":{"line":2002,"column":42}},"1027":{"start":{"line":2003,"column":8},"end":{"line":2003,"column":50}},"1028":{"start":{"line":2004,"column":8},"end":{"line":2007,"column":9}},"1029":{"start":{"line":2005,"column":12},"end":{"line":2005,"column":52}},"1030":{"start":{"line":2006,"column":12},"end":{"line":2006,"column":43}},"1031":{"start":{"line":2008,"column":8},"end":{"line":2008,"column":52}},"1032":{"start":{"line":2009,"column":8},"end":{"line":2017,"column":9}},"1033":{"start":{"line":2010,"column":12},"end":{"line":2010,"column":45}},"1034":{"start":{"line":2011,"column":12},"end":{"line":2011,"column":45}},"1035":{"start":{"line":2012,"column":12},"end":{"line":2012,"column":57}},"1036":{"start":{"line":2013,"column":12},"end":{"line":2016,"column":13}},"1037":{"start":{"line":2014,"column":16},"end":{"line":2014,"column":48}},"1038":{"start":{"line":2015,"column":16},"end":{"line":2015,"column":48}},"1039":{"start":{"line":2018,"column":8},"end":{"line":2018,"column":52}},"1040":{"start":{"line":2019,"column":8},"end":{"line":2023,"column":9}},"1041":{"start":{"line":2020,"column":12},"end":{"line":2020,"column":50}},"1042":{"start":{"line":2021,"column":12},"end":{"line":2021,"column":45}},"1043":{"start":{"line":2022,"column":12},"end":{"line":2022,"column":59}},"1044":{"start":{"line":2024,"column":8},"end":{"line":2024,"column":51}},"1045":{"start":{"line":2025,"column":8},"end":{"line":2037,"column":9}},"1046":{"start":{"line":2026,"column":12},"end":{"line":2026,"column":49}},"1047":{"start":{"line":2027,"column":12},"end":{"line":2027,"column":50}},"1048":{"start":{"line":2028,"column":12},"end":{"line":2028,"column":59}},"1049":{"start":{"line":2029,"column":12},"end":{"line":2031,"column":13}},"1050":{"start":{"line":2030,"column":16},"end":{"line":2030,"column":41}},"1051":{"start":{"line":2032,"column":12},"end":{"line":2032,"column":59}},"1052":{"start":{"line":2033,"column":12},"end":{"line":2035,"column":13}},"1053":{"start":{"line":2034,"column":16},"end":{"line":2034,"column":41}},"1054":{"start":{"line":2036,"column":12},"end":{"line":2036,"column":44}},"1055":{"start":{"line":2038,"column":8},"end":{"line":2038,"column":62}},"1056":{"start":{"line":2039,"column":8},"end":{"line":2042,"column":9}},"1057":{"start":{"line":2040,"column":12},"end":{"line":2040,"column":43}},"1058":{"start":{"line":2041,"column":12},"end":{"line":2041,"column":45}},"1059":{"start":{"line":2043,"column":8},"end":{"line":2043,"column":34}},"1060":{"start":{"line":2044,"column":8},"end":{"line":2044,"column":34}},"1061":{"start":{"line":2045,"column":8},"end":{"line":2045,"column":53}},"1062":{"start":{"line":2046,"column":8},"end":{"line":2052,"column":9}},"1063":{"start":{"line":2047,"column":12},"end":{"line":2047,"column":46}},"1064":{"start":{"line":2048,"column":12},"end":{"line":2048,"column":57}},"1065":{"start":{"line":2049,"column":12},"end":{"line":2051,"column":13}},"1066":{"start":{"line":2050,"column":16},"end":{"line":2050,"column":42}},"1067":{"start":{"line":2053,"column":8},"end":{"line":2053,"column":59}},"1068":{"start":{"line":2054,"column":8},"end":{"line":2057,"column":9}},"1069":{"start":{"line":2055,"column":12},"end":{"line":2055,"column":50}},"1070":{"start":{"line":2056,"column":12},"end":{"line":2056,"column":52}},"1071":{"start":{"line":2060,"column":22},"end":{"line":2060,"column":24}},"1072":{"start":{"line":2061,"column":8},"end":{"line":2061,"column":56}},"1073":{"start":{"line":2064,"column":22},"end":{"line":2064,"column":24}},"1074":{"start":{"line":2065,"column":20},"end":{"line":2065,"column":29}},"1075":{"start":{"line":2066,"column":8},"end":{"line":2070,"column":10}},"1076":{"start":{"line":2067,"column":41},"end":{"line":2067,"column":92}},"1077":{"start":{"line":2068,"column":47},"end":{"line":2068,"column":89}},"1078":{"start":{"line":2069,"column":45},"end":{"line":2069,"column":87}},"1079":{"start":{"line":2073,"column":25},"end":{"line":2073,"column":36}},"1080":{"start":{"line":2074,"column":8},"end":{"line":2076,"column":9}},"1081":{"start":{"line":2075,"column":12},"end":{"line":2075,"column":28}},"1082":{"start":{"line":2077,"column":21},"end":{"line":2077,"column":57}},"1083":{"start":{"line":2078,"column":8},"end":{"line":2078,"column":36}},"1084":{"start":{"line":2079,"column":22},"end":{"line":2079,"column":86}},"1085":{"start":{"line":2079,"column":51},"end":{"line":2079,"column":85}},"1086":{"start":{"line":2080,"column":8},"end":{"line":2083,"column":9}},"1087":{"start":{"line":2081,"column":12},"end":{"line":2081,"column":70}},"1088":{"start":{"line":2082,"column":12},"end":{"line":2082,"column":24}},"1089":{"start":{"line":2084,"column":23},"end":{"line":2084,"column":48}},"1090":{"start":{"line":2085,"column":8},"end":{"line":2096,"column":9}},"1091":{"start":{"line":2086,"column":12},"end":{"line":2088,"column":13}},"1092":{"start":{"line":2087,"column":16},"end":{"line":2087,"column":76}},"1093":{"start":{"line":2089,"column":12},"end":{"line":2094,"column":15}},"1094":{"start":{"line":2090,"column":16},"end":{"line":2093,"column":18}},"1095":{"start":{"line":2095,"column":12},"end":{"line":2095,"column":24}},"1096":{"start":{"line":2097,"column":24},"end":{"line":2097,"column":50}},"1097":{"start":{"line":2098,"column":8},"end":{"line":2101,"column":9}},"1098":{"start":{"line":2099,"column":12},"end":{"line":2099,"column":91}},"1099":{"start":{"line":2099,"column":55},"end":{"line":2099,"column":89}},"1100":{"start":{"line":2100,"column":12},"end":{"line":2100,"column":24}},"1101":{"start":{"line":2103,"column":8},"end":
[...]
AO,WAAW,CAAC,KAAmB,EAAA;AAClC,QAAA,IACI,KAAK,CAAC,IAAI,KAAK,aAAa;AAC5B,YAAA,KAAK,CAAC,OAAO,CAAC,CAAC,CAAC,CAAC,IAAI;YACrB,KAAK,CAAC,OAAO,CAAC,CAAC,CAAC,CAAC,IAAI,KAAK,iBAAiB;AAC3C,YAAA,KAAK,CAAC,OAAO,CAAC,CAAC,CAAC,CAAC,OAAO,CAAC,KAAK,CAAC,CAAC,EAAE,EAAE,CAAC,KAAK,aAAa,EACzD;;AAEE,YAAA,OAAO,mBAAmB,CAAA;AAC7B,SAAA;AAAM,aAAA,IAAI,KAAK,CAAC,IAAI,KAAK,aAAa,IAAI,KAAK,CAAC,OAAO,IAAI,KAAK,CAAC,OAAO,CAAC,MAAM,GAAG,CAAC,EAAE;YAClF,OAAO,KAAK,CAAC,OAAO,CAAC,CAAC,CAAC,CAAC,OAAO,CAAA;AAClC,SAAA;aAAM,IAAI,KAAK,CAAC,IAAI,IAAI,KAAK,CAAC,IAAI,CAAC,MAAM,GAAG,CAAC,EAAE;YAC5C,OAAO,KAAK,CAAC,IAAI,CAAA;AACpB,SAAA;AAAM,aAAA;AACH,YAAA,OAAO,mBAAmB,CAAA;AAC7B,SAAA;KACJ;IAQD,WAAY,CAAA,IAAY,EAAE,QAAqB,EAAA;AAC3C,QAAA,IAAI,OAAe,CAAA;QACnB,IAAI,QAAQ,CAAC,IAAI,IAAI,QAAQ,CAAC,IAAI,CAAC,KAAK,EAAE;AACtC,YAAA,OAAO,GAAG,CAAA,EAAG,QAAQ,CAAC,WAAW,CAAC,QAAQ,CAAC,IAAI,CAAC,KAAK,CAAC,CAAO,IAAA,EAAA,IAAI,EAAE,CAAA;AACtE,SAAA;AAAM,aAAA;YACH,OAAO,GAAG,QAAQ,QAAQ,CAAC,MAAM,CAAO,IAAA,EAAA,IAAI,EAAE,CAAA;AACjD,SAAA;QACD,KAAK,CAAC,OAAO,CAAC,CAAA;AACd,QAAA,IAAI,CAAC,IAAI,GAAG,IAAI,CAAA;AAChB,QAAA,IAAI,CAAC,QAAQ,GAAG,QAAQ,CAAA;KAC3B;;AAGD,IAAA,IAAI,KAAK,GAAA;AACL,QAAA,MAAM,EAAC,IAAI,EAAC,GAAG,IAAI,CAAC,QAAQ,CAAA;AAC5B,QAAA,QAAQ,IAAI,GAAG,IAAI,CAAC,KAAK,GAAG,SAAS,EAA6B;KACrE;;AAGD,IAAA,IAAI,IAAI,GAAA;AACJ,QAAA,MAAM,EAAC,KAAK,EAAC,GAAG,IAAI,CAAA;QACpB,OAAO,KAAK,GAAG,KAAK,CAAC,IAAI,GAAG,aAAa,CAAA;KAC5C;;AAGD,IAAA,IAAI,IAAI,GAAA;AACJ,QAAA,MAAM,EAAC,KAAK,EAAC,GAAG,IAAI,CAAA;QACpB,OAAO,KAAK,GAAG,KAAK,CAAC,IAAI,GAAG,CAAC,CAAA;KAChC;;AAGD,IAAA,IAAI,OAAO,GAAA;AACP,QAAA,MAAM,EAAC,KAAK,EAAC,GAAG,IAAI,CAAA;QACpB,OAAO,KAAK,GAAG,KAAK,CAAC,OAAO,GAAG,EAAE,CAAA;KACpC;;AA5DM,QAAW,CAAA,WAAA,GAAG,UAAU,CAAA;MA+DtB,SAAS,CAAA;AAKlB,IAAA,WAAA,CAAY,OAAyB,EAAA;AAUrC,QAAA,IAAA,CAAA,EAAE,GAAG;AACD,YAAA,KAAK,EAAE,IAAI,QAAQ,CAAC,IAAI,CAAC;AACzB,YAAA,OAAO,EAAE,IAAI,UAAU,CAAC,IAAI,CAAC;SAChC,CAAA;QAZG,IAAI,OAAO,CAAC,QAAQ,EAAE;AAClB,YAAA,IAAI,CAAC,QAAQ,GAAG,OAAO,CAAC,QAAQ,CAAA;AACnC,SAAA;aAAM,IAAI,OAAO,CAAC,GAAG,EAAE;AACpB,YAAA,IAAI,CAAC,QAAQ,GAAG,IAAI,aAAa,CAAC,OAAO,CAAC,GAAG,EAAE,OAAO,CAAC,CAAA;AAC1D,SAAA;AAAM,aAAA;AACH,YAAA,MAAM,IAAI,KAAK,CAAC,yBAAyB,CAAC,CAAA;AAC7C,SAAA;KACJ;AA4BK,IAAA,IAAI,CAAC,IAMV,EAAA;;YACG,MAAM,QAAQ,GAAG,MAAM,IAAI,CAAC,QAAQ,CAAC,IAAI,CAAC,IAAI,CAAC,CAAA;AAC/C,YAAA,MAAM,EAAC,IAAI,EAAC,GAAG,QAAQ,CAAA;YACvB,IAAI,IAAI,CAAC,KAAK,CAAC,QAAQ,CAAC,MAAM,GAAG,GAAG,CAAC,KAAK,CAAC,KAAK,IAAI,IAAI,OAAO,IAAI,CAAC,KAAK,KAAK,QAAQ,CAAC,EAAE;gBACrF,MAAM,IAAI,QAAQ,CAAC,IAAI,CAAC,IAAI,EAAE,QAAQ,CAAC,CAAA;AAC1C,aAAA;YACD,IAAI,IAAI,CAAC,YAAY,EAAE;AACnB,gBAAA,OAAO,SAAS,CAAC,EAAC,IAAI,EAAE,IAAI,CAAC,YAAY,EAAE,MAAM,EAAE,QAAQ,CAAC,IAAI,EAAC,CAAC,CAAA;AACrE,aAAA;AACD,YAAA,OAAO,QAAQ,CAAC,IAAI,IAAI,QAAQ,CAAC,IAAI,CAAA;SACxC,CAAA,CAAA;AAAA,KAAA;;AAxDM,SAAW,CAAA,WAAA,GAAG,WAAW;;;;;;;;AC5E7B,IAAM,gBAAgB,GAAtB,MAAM,gBAAiB,SAAQ,MAAM,CAAA;CAgB3C,CAAA;AAf2Bd,gBAAA,CAAA;AAAvB,IAAA,MAAM,CAAC,KAAK,CAAC,QAAQ,CAAC;AAA+B,CAAA,EAAA,gBAAA,CAAA,SAAA,EAAA,gBAAA,EAAA,KAAA,CAAA,CAAA,CAAA;AACzBA,gBAAA,CAAA;AAA5B,IAAA,MAAM,CAAC,KAAK,CAAC,aAAa,CAAC;AAA6B,CAAA,EAAA,gBAAA,CAAA,SAAA,EAAA,SAAA,EAAA,KAAA,CAAA,CAAA,CAAA;AAC5BA,gBAAA,CAAA;AAA5B,IAAA,MAAM,CAAC,KAAK,CAAC,aAAa,CAAC;AAA4B,CAAA,EAAA,gBAAA,CAAA,SAAA,EAAA,QAAA,EAAA,KAAA,CAAA,CAAA,CAAA;AAC5BA,gBAAA,CAAA;AAA3B,IAAA,MAAM,CAAC,KAAK,CAAC,YAAY,CAAC;AAAuB,CAAA,EAAA,gBAAA,CAAA,SAAA,EAAA,KAAA,EAAA,KAAA,CAAA,CAAA,CAAA;AAC3BA,gBAAA,CAAA;AAAtB,IAAA,MAAM,CAAC,KAAK,CAAC,OAAO,CAAC;AAAoB,CAAA,EAAA,gBAAA,CAAA,SAAA,EAAA,MAAA,EAAA,KAAA,CAAA,CAAA,CAAA;AACbA,gBAAA,CAAA;AAA5B,IAAA,MAAM,CAAC,KAAK,CAAC,aAAa,CAAC;AAA2B,CAAA,EAAA,gBAAA,CAAA,SAAA,EAAA,OAAA,EAAA,KAAA,CAAA,CAAA,CAAA;AAC5BA,gBAAA,CAAA;AAA1B,IAAA,MAAM,CAAC,KAAK,CAAC,WAAW,CAAC;AAAuB,CAAA,EAAA,gBAAA,CAAA,SAAA,EAAA,KAAA,EAAA,KAAA,CAAA,CAAA,CAAA;AACzBA,gBAAA,CAAA;AAAvB,IAAA,MAAM,CAAC,KAAK,CAAC,QAAQ,CAAC;AAA2B,CAAA,EAAA,gBAAA,CAAA,SAAA,EAAA,YAAA,EAAA,KAAA,CAAA,CAAA,CAAA;AAC1BA,gBAAA,CAAA;AAAvB,IAAA,MAAM,CAAC,KAAK,CAAC,QAAQ,CAAC;AAA4C,CAAA,EAAA,gBAAA,CAAA,SAAA,EAAA,6BAAA,EAAA,KAAA,CAAA,CAAA,CAAA;AAC5CA,gBAAA,CAAA;AAAtB,IAAA,MAAM,CAAC,KAAK,CAAC,OAAO,CAAC;AAAyC,CAAA,EAAA,gBAAA,CAAA,SAAA,EAAA,yBAAA,EAAA,KAAA,CAAA,CAAA,CAAA;AACvCA,gBAAA,CAAA;AAAvB,IAAA,MAAM,CAAC,KAAK,CAAC,QAAQ,CAAC;AAAwB,CAAA,EAAA,gBAAA,CAAA,SAAA,EAAA,SAAA,EAAA,KAAA,CAAA,CAAA,CAAA;AACxBA,gBAAA,CAAA;AAAtB,IAAA,MAAM,CAAC,KAAK,CAAC,OAAO,CAAC;AAAwB,CAAA,EAAA,gBAAA,CAAA,SAAA,EAAA,QAAA,EAAA,KAAA,CAAA,CAAA,CAAA;AACtBA,gBAAA,CAAA;AAAvB,IAAA,MAAM,CAAC,KAAK,CAAC,QAAQ,CAAC;AAAmB,CAAA,EAAA,gBAAA,CAAA,SAAA,EAAA,IAAA,EAAA,KAAA,CAAA,CAAA,CAAA;AAClBA,gBAAA,CAAA;AAAvB,IAAA,MAAM,CAAC,KAAK,CAAC,QAAQ,CAAC;AAAsB,CAAA,EAAA,gBAAA,CAAA,SAAA,EAAA,OAAA,EAAA,KAAA,CAAA,CAAA,CAAA;AACtBA,gBAAA,CAAA;AAAtB,IAAA,MAAM,CAAC,KAAK,CAAC,OAAO,CAAC;AAA0B,CAAA,EAAA,gBAAA,CAAA,SAAA,EAAA,YAAA,EAAA,KAAA,CAAA,CAAA,CAAA;AAfvC,gBAAgB,GAAAA,gBAAA,CAAA;AAD5B,IAAA,MAAM,CAAC,IAAI,CAAC,mBAAmB,CAAC;AACpB,CAAA,EAAA,gBAAgB,CAgB5B,CAAA;AAGM,IAAM,gBAAgB,GAAtB,MAAM,gBAAiB,SAAQ,MAAM,CAAA;CAK3C,CAAA;AAJ2BA,gBAAA,CAAA;AAAvB,IAAA,MAAM,CAAC,KAAK,CAAC,QAAQ,CAAC;AAA4C,CAAA,EAAA,gBAAA,CAAA,SAAA,EAAA,6BAAA,EAAA,KAAA,CAAA,CAAA,CAAA;AAC5CA,gBAAA,CAAA;AAAtB,IAAA,MAAM,CAAC,KAAK,CAAC,OAAO,CAAC;AAAyC,CAAA,EAAA,gBAAA,CAAA,SAAA,EAAA,yBAAA,EAAA,KAAA,CAAA,CAAA,CAAA;AACvCA,gBAAA,CAAA;AAAvB,IAAA,MAAM,CAAC,KAAK,CAAC,QAAQ,CAAC;AAAwB,CAAA,EAAA,gBAAA,CAAA,SAAA,EAAA,SAAA,EAAA,KAAA,CAAA,CAAA,CAAA;AACxBA,gBAAA,CAAA;AAAtB,IAAA,MAAM,CAAC,KAAK,CAAC,OAAO,CAAC;AAAwB,CAAA,EAAA,gBAAA,CAAA,SAAA,EAAA,QAAA,EAAA,KAAA,CAAA,CAAA,CAAA;AAJrC,gBAAgB,GAAAA,gBAAA,CAAA;AAD5B,IAAA,MAAM,CAAC,IAAI,CAAC,oBAAoB,CAAC;AACrB,CAAA,EAAA,gBAAgB,CAK5B,CAAA;AAGM,IAAM,aAAa,GAAnB,MAAM,aAAc,SAAQ,MAAM,CAAA;CAGxC,CAAA;AAF0BA,gBAAA,CAAA;AAAtB,IAAA,MAAM,CAAC,KAAK,CAAC,OAAO,CAAC;AAAsB,CAAA,EAAA,aAAA,CAAA,SAAA,EAAA,QAAA,EAAA,KAAA,CAAA,CAAA,CAAA;AACfA,gBAAA,CAAA;AAA5B,IAAA,MAAM,CAAC,KAAK,CAAC,aAAa,CAAC;AAA4B,CAAA,EAAA,aAAA,CAAA,SAAA,EAAA,QAAA,EAAA,KAAA,CAAA,CAAA,CAAA;AAF/C,aAAa,GAAAA,gBAAA,CAAA;AADzB,IAAA,MAAM,CAAC,IAAI,CAAC,iBAAiB,CAAC;AAClB,CAAA,EAAA,aAAa,CAGzB,CAAA;AAGM,IAAM,WAAW,GAAjB,MAAM,WAAY,SAAQ,MAAM,CAAA;CAKtC,CAAA;AAJ0BA,gBAAA,CAAA;AAAtB,IAAA,MAAM,CAAC,KAAK,CAAC,OAAO,CAAC;AAAmB,CAAA,EAAA,WAAA,CAAA,SAAA,EAAA,KAAA,EAAA,KAAA,CAAA,CAAA,CAAA;AAClBA,gBAAA,CAAA;AAAtB,IAAA,MAAM,CAAC,KAAK,CAAC,OAAO,CAAC;AAAmB,CAAA,EAAA,WAAA,CAAA,SAAA,EAAA,KAAA,EAAA,KAAA,CAAA,CAAA,CAAA;AAClBA,gBAAA,CAAA;AAAtB,IAAA,MAAM,CAAC,KAAK,CAAC,OAAO,CAAC;AAAmB,CAAA,EAAA,WAAA,CAAA,SAAA,EAAA,KAAA,EAAA,KAAA,CAAA,CAAA,CAAA;AAClBA,gBAAA,CAAA;AAAtB,IAAA,MAAM,CAAC,KAAK,CAAC,OAAO,CAAC;AAAmB,CAAA,EAAA,WAAA,CAAA,SAAA,EAAA,KAAA,EAAA,KAAA,CAAA,CAAA,CAAA;AAJhC,WAAW,GAAAA,gBAAA,CAAA;AADvB,IAAA,MAAM,CAAC,IAAI,CAAC,cAAc,CAAC;AACf,CAAA,EAAA,WAAW,CAKvB,CAAA;AAGM,IAAM,aAAa,GAAnB,MAAM,aAAc,SAAQ,MAAM,CAAA;CAGxC,CAAA;AAF+CA,gBAAA,CAAA;IAA3C,MAAM,CAAC,KAAK,CAAC,aAAa,EAAE,EAAC,KAAK,EAAE,IAAI,EAAC,CAAC;AAAgC,CAAA,EAAA,aAAA,CAAA,SAAA,EAAA,UAAA,EAAA,KAAA,CAAA,CAAA,CAAA;AACrCA,gBAAA,CAAA;IAArC,MAAM,CAAC,KAAK,CAAC,OAAO,EAAE,EAAC,KAAK,EAAE,IAAI,EAAC,CAAC;AAA+B,CAAA,EAAA,aAAA,CAAA,SAAA,EAAA,aAAA,EAAA,KAAA,CAAA,CAAA,CAAA;AAF3D,aAAa,GAAAA,gBAAA,CAAA;AADzB,IAAA,MAAM,CAAC,IAAI,CAAC,gBAAgB,CAAC;AACjB,CAAA,EAAA,aAAa,CAGzB,CAAA;AAGM,IAAM,cAAc,GAApB,MAAM,cAAe,SAAQ,MAAM,CAAA;CAGzC,CAAA;AAF+CA,gBAAA,CAAA;IAA3C,MAAM,CAAC,KAAK,CAAC,aAAa,EAAE,EAAC,KAAK,EAAE,IAAI,EAAC,CAAC;AAA8B,CAAA,EAAA,cAAA,CAAA,SAAA,EAAA,QAAA,EAAA,KAAA,CAAA,CAAA,CAAA;AACnCA,gBAAA,CAAA;IAArC,MAAM,CAAC,KAAK,CAAC,OAAO,EAAE,EAAC,KAAK,EAAE,IAAI,EAAC,CAAC;AAA6B,CAAA,EAAA,cAAA,CAAA,SAAA,EAAA,WAAA,EAAA,KAAA,CAAA,CAAA,CAAA;AAFzD,cAAc,GAAAA,gBAAA,CAAA;AAD1B,IAAA,MAAM,CAAC,IAAI,CAAC,iBAAiB,CAAC;AAClB,CAAA,EAAA,cAAc,CAG1B,CAAA;AAGM,IAAM,kBAAkB,GAAxB,MAAM,kBAAmB,SAAQ,MAAM,CAAA;CAG7C,CAAA;AAF2BA,gBAAA,CAAA;AAAvB,IAAA,MAAM,CAAC,KAAK,CAAC,QAAQ,CAAC;AAA2B,CAAA,EAAA,kBAAA,CAAA,SAAA,EAAA,YAAA,EAAA,KAAA,CAAA,CAAA,CAAA;AAC1BA,gBAAA,CAAA;AAAvB,IAAA,MAAM,CAAC,KAAK,CAAC,QAAQ,CAAC;AAAyB,CAAA,EAAA,kBAAA,CAAA,SAAA,EAAA,UAAA,EAAA,KAAA,CAAA,CAAA,CAAA;AAFvC,kBAAkB,GAAAA,gBAAA,CAAA;AAD9B,IAAA,MAAM,CAAC,IAAI,CAAC,sBAAsB,CAAC;AACvB,CAAA,EAAA,kBAAkB,CAG9B,CAAA;AAGM,IAAM,iBAAiB,GAAvB,MAAM,iBAAkB,SAAQ,MAAM,CAAA;CAG5C,CAAA;AAFyBA,gBAAA,CAAA;AAArB,IAAA,MAAM,CAAC,KAAK,CAAC,MAAM,CAAC;AAA4B,CAAA,EAAA,iBAAA,CAAA,SAAA,EAAA,eAAA,EAAA,KAAA,CAAA,CAAA,CAAA;AACrBA,gBAAA,CAAA;AAA3B,IAAA,MAAM,CAAC,KAAK,CAAC,YAAY,CAAC;AAAqC,CAAA,EAAA,iBAAA,CAAA,SAAA,EAAA,mBAAA,EAAA,KAAA,CAAA,CAAA,CAAA;AAFvD,iBAAiB,GAAAA,gBAAA,CAAA;AAD7B,IAAA,MAAM,CAAC,IAAI,CAAC,qBAAqB,CAAC;AACtB,CAAA,EAAA,iBAAiB,CAG7B,CAAA;AAGM,IAAM,YAAY,GAAlB,MAAM,YAAa,SAAQ,MAAM,CAAA;CAGvC,CAAA;AAF2BA,gBAAA,CAAA;AAAvB,IAAA,MAAM,CAAC,KAAK,CAAC,QAAQ,CAAC;AAAwB,CAAA,EAAA,YAAA,CAAA,SAAA,EAAA,SAAA,EAAA,KAAA,CAAA,CAAA,CAAA;AACCA,gBAAA,CAAA;IAA/C,MAAM,CAAC,KAAK,CAAC,iBAAiB,EAAE,EAAC,KAAK,EAAE,IAAI,EAAC,CAAC;AAAqC,CAAA,EAAA,YAAA,CAAA,SAAA,EAAA,WAAA,EAAA,KAAA,CAAA,CAAA,CAAA;AAF3E,YAAY,GAAAA,gBAAA,CAAA;AADxB,IAAA,MAAM,CAAC,IAAI,CAAC,eAAe,CAAC;AAChB,CAAA,EAAA,YAAY,CAGxB,CAAA;AAGM,IAAM,cAAc,GAApB,MAAM,cAAe,SAAQ,MAAM,CAAA;CAGzC,CAAA;AAF2BA,gBAAA,CAAA;AAAvB,IAAA,MAAM,CAAC,KAAK,CAAC,QAAQ,CAAC;AAAqB,CAAA,EAAA,cAAA,CAAA,SAAA,EAAA,MAAA,EAAA,KAAA,CAAA,CAAA,CAAA;AACrBA,gBAAA,CAAA;AAAtB,IAAA,MAAM,CAAC,KAAK,CAAC,OAAO,CAAC;AAAoB,CAAA,EAAA,cAAA,CAAA,SAAA,EAAA,MAAA,EAAA,KAAA,CAAA,CAAA,CAAA;AAFjC,cAAc,GAAAA,gBAAA,CAAA;AAD1B,IAAA,MAAM,CAAC,IAAI,CAAC,iBAAiB,CAAC;AAClB,CAAA,EAAA,cAAc,CAG1B,CAAA;AAGM,IAAM,eAAe,GAArB,MAAM,eAAgB,SAAQ,MAAM,CAAA;CAG1C,CAAA;AAF2BA,gBAAA,CAAA;AAAvB,IAAA,MAAM,CAAC,KAAK,CAAC,QAAQ,CAAC;AAAqB,CAAA,EAAA,eAAA,CAAA,SAAA,EAAA,MAAA,EAAA,KAAA,CAAA,CAAA,CAAA;AACrBA,gBAAA,CAAA;AAAtB,IAAA,MAAM,CAAC,KAAK,CAAC,OAAO,CAAC;AAAoB,CAAA,EAAA,eAAA,CAAA,SAAA,EAAA,MAAA,EAAA,KAAA,CAAA,CAAA,CAAA;AAFjC,eAAe,GAAAA,gBAAA,CAAA;AAD3B,IAAA,MAAM,CAAC,IAAI,CAAC,kBAAkB,CAAC;AACnB,CAAA,EAAA,eAAe,CAG3B,CAAA;AAGD,IAAM,UAAU,GAAhB,MAAM,UAAW,SAAQ,OAAO,CAAA;CAE/B,CAAA;AAFK,UAAU,GAAAA,gBAAA,CAAA;IADf,OAAO,CAAC,IAAI,CAAC,aAAa,EAAE,CAAC,WAAW,EAAEO,yBAAiB,CAAC,CAAC;AACxD,CAAA,EAAA,UAAU,CAEf,CAAA;AAGM,IAAM,sBAAsB,GAA5B,MAAM,sBAAuB,SAAQ,MAAM,CAAA;CAKjD,CAAA;AAJwBP,gBAAA,CAAA;AAApB,IAAA,MAAM,CAAC,KAAK,CAAC,KAAK,CAAC;AAAsB,CAAA,EAAA,sBAAA,CAAA,SAAA,EAAA,QAAA,EAAA,KAAA,CAAA,CAAA,CAAA;AACpBA,gBAAA,CAAA;AAArB,IAAA,MAAM,CAAC,KAAK,CAAC,MAAM,CAAC;AAA6B,CAAA,EAAA,sBAAA,CAAA,SAAA,EAAA,cAAA,EAAA,KAAA,CAAA,CAAA,CAAA;AAC3BA,gBAAA,CAAA;AAAtB,IAAA,MAAM,CAAC,KAAK,CAAC,OAAO,CAAC;AAAiC,CAAA,EAAA,sBAAA,CAAA,SAAA,EAAA,iBAAA,EAAA,KAAA,CAAA,CAAA,CAAA;AAC7BA,gBAAA,CAAA;AAAzB,IAAA,MAAM,CAAC,KAAK,CAAC,UAAU,CAAC;AAAwB,CAAA,EAAA,sBAAA,CAAA,SAAA,EAAA,KAAA,EAAA,KAAA,CAAA,CAAA,CAAA;AAJxC,sBAAsB,GAAAA,gBAAA,CAAA;AADlC,IAAA,MAAM,CAAC,IAAI,CAAC,0BAA0B,CAAC;AAC3B,CAAA,EAAA,sBAAsB,CAKlC,CAAA;AAGM,IAAM,WAAW,GAAA,aAAA,GAAjB,MAAM,WAAY,SAAQ,MAAM,CAAA;AAWnC,IAAA,IAAI,QAAQ,GAAA;QACR,OAAO,IAAI,CAAC,QAAQ,CAAC,QAAQ,CAAC,MAAM,CAAC,CAAC,CAAC,CAAA;KAC1C;AAED,IAAA,IAAI,EAAE,GAAA;QACF,MAAM,EAAE,GAAG,WAAW,CAAC,IAAI,CAACc,kBAAU,CAAC,MAAM,CAAC,EAAC,MAAM,EAAE,IAAI,EAAE,IAAI,EAAE,aAAW,EAAC,CAAC,CAAC,CAAA;QACjF,OAAO,OAAO,CAAC,iBAAiB,CAAC,EAAE,EAAE,IAAI,CAAC,QAAQ,CAAC,CAAA;KACtD;CACJ,CAAA;AAlB2Bd,gBAAA,CAAA;AAAvB,IAAA,MAAM,CAAC,KAAK,CAAC,QAAQ,CAAC;AAAyB,CAAA,EAAA,WAAA,CAAA,SAAA,EAAA,UAAA,EAAA,KAAA,CAAA,CAAA,CAAA;AAC1BA,gBAAA,CAAA;AAArB,IAAA,MAAM,CAAC,KAAK,CAAC,MAAM,CAAC;AAAuB,CAAA,EAAA,WAAA,CAAA,SAAA,EAAA,UAAA,EAAA,KAAA,CAAA,CAAA,CAAA;AACpBA,gBAAA,CAAA;AAAvB,IAAA,MAAM,CAAC,KAAK,CAAC,QAAQ,CAAC;AAA0B,CAAA,EAAA,WAAA,CAAA,SAAA,EAAA,WAAA,EAAA,KAAA,CAAA,CAAA,CAAA;AAC1BA,gBAAA,CAAA;AAAtB,IAAA,MAAM,CAAC,KAAK,CAAC,OAAO,CAAC;AAA0B,CAAA,EAAA,WAAA,CAAA,SAAA,EAAA,UAAA,EAAA,KAAA,CAAA,CAAA,CAAA;AACzBA,gBAAA,CAAA;AAAtB,IAAA,MAAM,CAAC,KAAK,CAAC,OAAO,CAAC;AAAmC,CAAA,EAAA,WAAA,CAAA,SAAA,EAAA,mBAAA,EAAA,KAAA,CAAA,CAAA,CAAA;AAClCA,gBAAA,CAAA;AAAtB,IAAA,MAAM,CAAC,KAAK,CAAC,OAAO,CAAC;AAA8B,CAAA,EAAA,WAAA,CAAA,SAAA,EAAA,cAAA,EAAA,KAAA,CAAA,CAAA,CAAA;AAC5BA,gBAAA,CAAA;AAAvB,IAAA,MAAM,CAAC,KAAK,CAAC,QAAQ,CAAC;AAAiC,CAAA,EAAA,WAAA,CAAA,SAAA,EAAA,kBAAA,EAAA,KAAA,CAAA,CAAA,CAAA;AACVA,gBAAA,CAAA;IAA7C,MAAM,CAAC,KAAK,CAAC,YAAY,EAAE,EAAC,QAAQ,EAAE,IAAI,EAAC,CAAC;AAA6B,CAAA,EAAA,WAAA,CAAA,SAAA,EAAA,eAAA,EAAA,KAAA,CAAA,CAAA,CAAA;AACtCA,gBAAA,CAAA;IAAnC,MAAM,CAAC,KAAK,CAAC,KAAK,EAAE,EAAC,KAAK,EAAE,IAAI,EAAC,CAAC;AAAiC,CAAA,EAAA,WAAA,CAAA,SAAA,EAAA,mBAAA,EAAA,KAAA,CAAA,CAAA,CAAA;AAT3D,WAAW,GAAA,aAAA,GAAAA,gBAAA,CAAA;AADvB,IAAA,MAAM,CAAC,IAAI,CAAC,cAAc,CAAC;AACf,CAAA,EAAA,WAAW,CAmBvB,CAAA;AAGM,IAAM,WAAW,GAAjB,MAAM,WAAY,SAAQ,WAAW,CAAA;CAK3C,CAAA;AAJ8BA,gBAAA,CAAA;AAA1B,IAAA,MAAM,CAAC,KAAK,CAAC,WAAW,CAAC;AAAsC,CAAA,EAAA,WAAA,CAAA,SAAA,EAAA,oBAAA,EAAA,KAAA,CAAA,CAAA,CAAA;AAEhEA,gBAAA,CAAA;IADC,MAAM,CAAC,KAAK,CAAC,sBAAsB,EAAE,EAAC,KAAK,EAAE,IAAI,EAAC,CAAC;AACN,CAAA,EAAA,WAAA,CAAA,SAAA,EAAA,cAAA,EAAA,KAAA,CAAA,CAAA,CAAA;AACDA,gBAAA,CAAA;IAA5C,MAAM,CAAC,KAAK,CAAC,cAAc,EAAE,EAAC,KAAK,EAAE,IAAI,EAAC,CAAC;AAA2C,CAAA,EAAA,WAAA,CAAA,SAAA,EAAA,kBAAA,EAAA,KAAA,CAAA,CAAA,CAAA;AAJ9E,WAAW,GAAAA,gBAAA,CAAA;AADvB,IAAA,MAAM,CAAC,IAAI,CAAC,cAAc,CAAC;AACf,CAAA,EAAA,WAAW,CAKvB,CAAA;AAaM,IAAM,UAAU,GAAhB,MAAM,UAAW,SAAQ,OAAO,CAAA;CAWtC,CAAA;AAXY,UAAU,GAAAA,gBAAA,CAAA;AAXtB,IAAA,OAAO,CAAC,IAAI,CAAC,aAAa,EAAE;QACzB,gBAAgB;QAChB,gBAAgB;QAChB,aAAa;QACb,WAAW;QACX,aAAa;QACb,cAAc;QACd,kBAAkB;QAClB,WAAW;QACXO,yBAAiB;KACpB,CAAC;AACW,CAAA,EAAA,UAAU,CAWtB;;;;;;;;;;;;;;;;;;;;;MC3IY,SAAS,CAAA;AAelB,IAAA,WAAA,CAAY,OAAyB,EAAA;QACjC,IAAI,OAAO,CAAC,QAAQ,EAAE;AAClB,YAAA,IAAI,CAAC,QAAQ,GAAG,OAAO,CAAC,QAAQ,CAAA;AACnC,SAAA;AAAM,aAAA;AACH,YAAA,MAAM,IAAI,KAAK,CAAC,kBAAkB,CAAC,CAAA;AACtC,SAAA;AAED,QAAA,IAAI,OAAO,CAAC,cAAc,KAAK,SAAS,EAAE;AACtC,YAAA,IAAI,CAAC,cAAc,GAAG,OAAO,CAAC,cAAc,CAAA;AAC/C,SAAA;AAAM,aAAA;AACH,YAAA,IAAI,CAAC,cAAc,GAAG,UAAU,CAAA;AACnC,SAAA;AAED,QAAA,IAAI,OAAO,CAAC,iBAAiB,KAAK,SAAS,EAAE;AACzC,YAAA,IAAI,CAAC,iBAAiB,GAAG,OAAO,CAAC,iBAAiB,CAAA;YAClD,IAAI,CAAC,cAAc,EAAE,CAAA;AACxB,SAAA;QAED,IAAI,CAAC,QAAQ,CAAC,EAAE,CAAC,MAAM,EAAE,CAAC,IAAgB,KAAI;AAC1C,YAAA,IAAI,CAAC,UAAU,CAAC,IAAI,CAAC,CAAA;AACzB,SAAC,CAAC,CAAA;QAEF,IAAI,CAAC,QAAQ,CAAC,EAAE,CAAC,OAAO,EAAE,CAAC,CAAM,KAAI;YACjC,IAAI,CAAC,IAAI,CAAC,OAAO,EAAE,CAAC,CAAC,CAAC,CAAC,CAAA;AAC3B,SAAC,CAAC,CAAA;QAEF,IAAI,CAAC,QAAQ,CAAC,EAAE,CAAC,OAAO,EAAE,MAAK;AAC3B,YAAA,IAAI,CAAC,IAAI,CAAC,OAAO,EAAE,EAAE,CAAC,CAAA;AAC1B,SAAC,CAAC,CAAA;AAEF,QAAA,IAAI,CAAC,cAAc,GAAG,EAAE,CAAA;KAC3B;IAED,IAAI,CAAC,OAA4B,EAAE,IAAiB,EAAA;QAChD,MAAM,cAAc,GAAG,UAAU,CAAC,IAAI,CAAC,OAAO,CAAC,CAAA;AAC/C,QAAA,MAAM,aAAa,GAAGO,kBAAU,CAAC,MAAM,CAAC,EAAC,MAAM,EAAE,cAAc,EAAC,CAAC,CAAA;QACjE,IAAI,CAAC,QAAQ,CAAC,KAAK,CAAC,aAAa,CAAC,KAAK,EAAE,IAAI,CAAC,CAAA;KACjD;AAED,IAAA,GAAG,CAAC,EAAe,EAAA;QACf,IAAI,CAAC,YAAY,EAAE,CAAA;AACnB,QAAA,IAAI,CAAC,QAAQ,CAAC,GAAG,CAAC,EAAE,CAAC,CAAA;KACxB;AAED,IAAA,OAAO,CAAC,GAAW,EAAA;QACf,IAAI,CAAC,YAAY,EAAE,CAAA;AACnB,QAAA,IAAI,CAAC,QAAQ,CAAC,OAAO,CAAC,GAAG,CAAC,CAAA;KAC7B;AAEO,IAAA,UAAU,CAAC,IAAgB,EAAA;QAC/B,IAAI;AACA,YAAA,MAAM,OAAO,GAAGA,kBAAU,CAAC,MAAM,CAAC,EAAC,IAAI,EAAE,UAAU,EAAE,IAAI,EAAC,CAAC,CAAA;YAC3D,IAAI,CAAC,IAAI,CAAC,SAAS,EAAE,CAAC,OAAO,CAAC,CAAC,CAAA;AAClC,SAAA;AAAC,QAAA,OAAO,CAAM,EAAE;YACb,IAAI,CAAC,IAAI,CAAC,OAAO,EAAE,CAAC,CAAC,CAAC,CAAC,CAAA;AAC1B,SAAA;KACJ;IAEO,YAAY,GAAA;AAChB,QAAA,IAAI,IAAI,CAAC,iBAAiB,KAAK,SAAS,EAAE;AACtC,YAAA,YAAY,CAAC,IAAI,CAAC,iBAAiB,CAAC,CAAA;AACpC,YAAA,IAAI,CAAC,iBAAiB,GAAG,SAAS,CAAA;AACrC,SAAA;KACJ;IAEO,cAAc,GAAA;QAClB,IAAI,CAAC,YAAY,EAAE,CAAA;AAEnB,QAAA,IAAI,IAAI,CAAC,iBAAiB,KAAK,SAAS,EAAE;AACtC,YAAA,IAAI,CAAC,cAAc,CAAC,MAAK;gBACrB,IAAI,CAAC,eAAe,EAAE,CAAA;AAC1B,aAAC,EAAE,IAAI,CAAC,iBAAiB,CAAC,CAAA;AAC7B,SAAA;KACJ;IAEO,eAAe,GAAA;AACnB,QAAA,MAAM,GAAG,GAAG,IAAI,CAAC,GAAG,EAAE,CAAA;AACtB,QAAA,MAAM,WAAW,GAAG,WAAW,CAAC,IAAI,CAAC;AACjC,YAAA,GAAG,EAAE,GAAG;AACR,YAAA,GAAG,EAAE,CAAC;AACN,YAAA,GAAG,EAAE,CAAC;AACN,YAAA,GAAG,EAAE,CAAC;AACT,SAAA,CAAC,CAAA;AAEF,QAAA,IAAI,CAAC,IAAI,CAAC,WAAW,EAAE,MAAK;YACxB,IAAI,CAAC,cAAc,EAAE,CAAA;AACzB,SAAC,CAAC,CAAA;KACL;IAED,EAAE,CAAoC,KAAQ,EAAE,OAA6B,EAAA;AACzE,QAAA,OAAO,IAAI,CAAC,mBAAmB,CAAC,KAAK,EAAE,OAAO,EAAE,KAAK,EAAE,KAAK,CAAC,CAAA;KAChE;IACD,IAAI,CAAoC,KAAQ,EAAE,OAA6B,EAAA;AAC3E,QAAA,OAAO,IAAI,CAAC,mBAAmB,CAAC,KAAK,EAAE,OAAO,EAAE,IAAI,EAAE,KAAK,CAAC,CAAA;KAC/D;IACD,WAAW,CAAoC,KAAQ,EAAE,OAA6B,EAAA;AAClF,QAAA,OAAO,IAAI,CAAC,mBAAmB,CAAC,KAAK,EAAE,OAAO,EAAE,KAAK,EAAE,KAAK,CAAC,CAAA;KAChE;IACD,eAAe,CACX,KAAQ,EACR,OAA6B,EAAA;AAE7B,QAAA,OAAO,IAAI,CAAC,mBAAmB,CAAC,KAAK,EAAE,OAAO,EAAE,KAAK,EAAE,IAAI,CAAC,CAAA;KAC/D;IACD,cAAc,CACV,KAAQ,EACR,OAA6B,EAAA;QAE7B,IAAI,IAAI,CAAC,cAAc,CAAC,KAAK,CAAC,KAAK,SAAS,EAAE;AAC1C,YAAA,IAAI,CAAC,cAAc,CAAC,KAAK,CAAC,GAAG,IAAI,CAAC,cAAc,CAAC,KAAK,CAAE,CAAC,MAAM,CAAC,CAAC,CAAC,KAAI;AAClE,gBAAA,OAAO,CAAC,CAAC,OAAO,KAAK,OAAO,CAAA;AAChC,aAAC,CAAoC,CAAA;AACxC,SAAA;AAED,QAAA,OAAO,IAAI,CAAA;KACd;AAEO,IAAA,mBAAmB,CACvB,KAAQ,EACR,OAA6B,EAC7B,IAAa,EACb,OAAgB,EAAA;QAEhB,IAAI,IAAI,CAAC,cAAc,CAAC,KAAK,CAAC,KAAK,SAAS,EAAE;AAC1C,YAAA,IAAI,CAAC,cAAc,CAAC,KAAK,CAAC,GAAG,EAAE,CAAA;AAClC,SAAA;QAED,IAAI,CAAC,OAAO,EAAE;AACV,YAAA,IAAI,CAAC,cAAc,CAAC,KAAK,CAAE,CAAC,IAAI,CAAC,EAAC,IAAI,EAAE,OAAO,EAAC,CAAC,CAAA;AACpD,SAAA;AAAM,aAAA;AACH,YAAA,IAAI,CAAC,cAAc,CAAC,KAAK,CAAE,CAAC,OAAO,CAAC,EAAC,IAAI,EAAE,OAAO,EAAC,CAAC,CAAA;AACvD,SAAA;AAED,QAAA,OAAO,IAAI,CAAA;KACd;IAEO,IAAI,CACR,KAAQ,EACR,IAAsC,EAAA;QAEtC,IAAI,IAAI,CAAC,cAAc,CAAC,KAAK,CAAC,KAAK,SAAS,EAAE;YAC1C,OAAM;AACT,SAAA;QAED,KAAK,MAAM,EAAC,OAAO,EAAC,IAAI,IAAI,CAAC,cAAc,CAAC,KAAK,CAAE,EAAE;;YAEjD,MAAM,aAAa,GAAG,OAAc,CAAA;AACpC,YAAA,aAAa,CAAC,GAAG,IAAI,CAAC,CAAA;AACzB,SAAA;AAED,QAAA,IAAI,CAAC,cAAc,CAAC,KAAK,CAAC,GAAG,IAAI,CAAC,cAAc,CAAC,KAAK,CAAE,CAAC,MAAM,CAAC,CAAC,CAAC,KAAI;AAClE,YAAA,OAAO,CAAC,CAAC,IAAI,KAAK,IAAI,CAAA;AAC1B,SAAC,CAAoC,CAAA;KACxC;;AAvKM,SAAW,CAAA,WAAA,GAAG,WAAW;;MCFvB,yBAAyB,CAAA;AAOlC,IAAA,WAAA,CAAY,YAAyB,EAAA;AACjC,QAAA,IAAI,CAAC,YAAY,GAAG,YAAY,CAAA;QAChC,IAAI,CAAC,aAAa,GAAG,IAAI,UAAU,CAAC,CAAC,CAAC,CAAA;AACtC,QAAA,IAAI,CAAC,YAAY,GAAG,EAAE,CAAA;AACtB,QAAA,IAAI,CAAC,aAAa,GAAG,EAAE,CAAA;;QAGvB,IAAI,CAAC,YAAY,CAAC,EAAE,CAAC,MAAM,EAAE,CAAC,IAAgB,KAAI;AAC9C,YAAA,MAAM,OAAO,GAAG,IAAI,UAAU,CAAC,IAAI,CAAC,aAAa,CAAC,UAAU,GAAG,IAAI,CAAC,UAAU,CAAC,CAAA;YAC/E,OAAO,CAAC,GAAG,CAAC,IAAI,CAAC,aAAa,EAAE,CAAC,CAAC,CAAA;YAClC,OAAO,CAAC,GAAG,CAAC,IAAI,EAAE,IAAI,CAAC,aAAa,CAAC,UAAU,CAAC,CAAA;AAChD,YAAA,IAAI,CAAC,aAAa,GAAG,OAAO,CAAA;AAC5B,YAAA,OAAO,IAAI,CAAC,aAAa,CAAC,UAAU,IAAI,CAAC,EAAE;gBACvC,MAAM,IAAI,GAAG,IAAI,QAAQ,CAAC,IAAI,CAAC,aAAa,CAAC,MAAM,CAAC,CAAA;gBACpD,MAAM,aAAa,GAAG,IAAI,CAAC,SAAS,CAAC,CAAC,EAAE,IAAI,CAAC,CAAA;AAC7C,gBAAA,IAAI,aAAa,GAAG,yBAAyB,CAAC,aAAa,EAAE;oBACzD,IAAI,CAAC,SAAS,CAAC,IAAI,KAAK,CAAC,2BAA2B,CAAC,CAAC,CAAA;AACzD,iBAAA;gBAED,IAAI,IAAI,CAAC,aAAa,CAAC,UAAU,GAAG,CAAC,GAAG,aAAa,EAAE;;oBAEnD,MAAK;AACR,iBAAA;AAED,gBAAA,MAAM,aAAa,GAAG,IAAI,CAAC,aAAa,CAAC,QAAQ,CAAC,CAAC,EAAE,CAAC,GAAG,aAAa,CAAC,CAAA;AACvE,gBAAA,IAAI,CAAC,aAAa,GAAG,IAAI,CAAC,aAAa,CAAC,KAAK,CAAC,CAAC,GAAG,aAAa,CAAC,CAAA;AAChE,gBAAA,IAAI,CAAC,QAAQ,CAAC,aAAa,CAAC,CAAA;AAC/B,aAAA;AACL,SAAC,CAAC,CAAA;;QAGF,IAAI,CAAC,YAAY,CAAC,EAAE,CAAC,OAAO,EAAE,CAAC,GAAQ,KAAI;AACvC,YAAA,IAAI,CAAC,SAAS,CAAC,GAAG,CAAC,CAAA;AACvB,SAAC,CAAC,CAAA;KACL;IAED,KAAK,CAAC,IAAgB,EAAE,IAAiB,EAAA;QACrC,MAAM,UAAU,GAAG,IAAI,UAAU,CAAC,CAAC,GAAG,IAAI,CAAC,UAAU,CAAC,CAAA;QACtD,MAAM,IAAI,GAAG,IAAI,QAAQ,CAAC,UAAU,CAAC,MAAM,CAAC,CAAA;QAC5C,IAAI,CAAC,SAAS,CAAC,CAAC,EAAE,IAAI,CAAC,UAAU,EAAE,IAAI,CAAC,CAAA;AACxC,QAAA,UAAU,CAAC,GAAG,CAAC,IAAI,EAAE,CAAC,CAAC,CAAA;QACvB,IAAI,CAAC,YAAY,CAAC,KAAK,CAAC,UAAU,EAAE,IAAI,CAAC,CAAA;KAC5C;AAED,IAAA,GAAG,CAAC,EAAe,EAAA;AACf,QAAA,IAAI,CAAC,YAAY,CAAC,GAAG,CAAC,EAAE,CAAC,CAAA;KAC5B;AAED,IAAA,OAAO,CAAC,GAAW,EAAA;AACf,QAAA,IAAI,CAAC,YAAY,CAAC,OAAO,CAAC,GAAG,CAAC,CAAA;KACjC;IAED,EAAE,CAA8B,KAAQ,EAAE,OAAuB,EAAA;QAC7D,IAAI,KAAK,KAAK,MAAM,EAAE;AAClB,YAAA,IAAI,CAAC,YAAY,CAAC,IAAI,CAAC,OAAO,CAAC,CAAA;AAClC,SAAA;aAAM,IAAI,KAAK,KAAK,OAAO,EAAE;AAC1B,YAAA,IAAI,CAAC,aAAa,CAAC,IAAI,CAAC,OAAO,CAAC,CAAA;AACnC,SAAA;AAAM,aAAA;YACH,IAAI,CAAC,YAAY,CAAC,EAAE,CAAC,KAAK,EAAE,OAAO,CAAC,CAAA;AACvC,SAAA;AACD,QAAA,OAAO,IAAI,CAAA;KACd;AAED,IAAA,QAAQ,CAAC,aAAyB,EAAA;AAC9B,QAAA,KAAK,MAAM,OAAO,IAAI,IAAI,CAAC,YAAY,EAAE;;YAErC,OAAO,CAAC,aAAa,CAAC,CAAA;AACzB,SAAA;KACJ;AAED,IAAA,SAAS,CAAC,GAAQ,EAAA;AACd,QAAA,KAAK,MAAM,OAAO,IAAI,IAAI,CAAC,aAAa,EAAE;;YAEtC,OAAO,CAAC,GAAG,CAAC,CAAA;AACf,SAAA;KACJ;;AAjFM,yBAAA,CAAA,aAAa,GAAG,CAAC,GAAG,IAAI,GAAG,IAAI;;;;;;;;;;;;;;;;;;;;;;;;;;;;;;;;;;;;;;;;;;;;;;;;;;;"},"_coverageSchema":"1a1c01bbd47fc00a2c39e90264f33305004495a9","hash":"817ef80586fb43495cfe0c33289260ba4f1f3a36","contentHash":"fd4c72a11b2776c52ca404409ed7e67d4a12fd58c3d78e6e6d0dca019ffb4548"}}